ADD TRIPLE: http://www.tecweb.inf.puc-rio.br/ontologies/dr#Como_injetar_agua_para_recuperacao_secundariade_petroleo_em_Albacora http://www.tecweb.inf.puc-rio.br/ontologies/swwiki#ehResolvidaPor http://www.tecweb.inf.puc-rio.br/ontologies/dr#decision3
	RESOURCE CREATED FOR SUBJECT: http://www.tecweb.inf.puc-rio.br/ontologies/dr#Como_injetar_agua_para_recuperacao_secundariade_petroleo_em_Albacora
OBJECT IS A RESOURCE? 1
	RESOURCE CREATED FOR PREDICATE: http://www.tecweb.inf.puc-rio.br/ontologies/swwiki#ehResolvidaPor
	OBJECTS FOR SUBJECT AND PREDICATE: [#<["RDFS::Resource", "SWWIKI::WikiPage", "DR::Decisao", "RDF::Resource"] http://www.tecweb.inf.puc-rio.br/ontologies/dr#decision3>, #<["RDFS::Resource", "SWWIKI::WikiPage", "DR::Decisao", "RDF::Resource"] http://www.tecweb.inf.puc-rio.br/ontologies/dr#decision4>]
ADD TRIPLE: http://www.tecweb.inf.puc-rio.br/ontologies/dr#Como_injetar_agua_para_recuperacao_secundariade_petroleo_em_Albacora http://www.tecweb.inf.puc-rio.br/ontologies/swwiki#ehResolvidaPor http://www.tecweb.inf.puc-rio.br/ontologies/dr#decision4
	RESOURCE CREATED FOR SUBJECT: http://www.tecweb.inf.puc-rio.br/ontologies/dr#Como_injetar_agua_para_recuperacao_secundariade_petroleo_em_Albacora
OBJECT IS A RESOURCE? 1
	RESOURCE CREATED FOR PREDICATE: http://www.tecweb.inf.puc-rio.br/ontologies/swwiki#ehResolvidaPor
	OBJECTS FOR SUBJECT AND PREDICATE: [#<["RDFS::Resource", "SWWIKI::WikiPage", "DR::Decisao", "RDF::Resource"] http://www.tecweb.inf.puc-rio.br/ontologies/dr#decision3>, #<["RDFS::Resource", "SWWIKI::WikiPage", "DR::Decisao", "RDF::Resource"] http://www.tecweb.inf.puc-rio.br/ontologies/dr#decision4>]
ADD TRIPLE: http://www.tecweb.inf.puc-rio.br/ontologies/dr#Como_injetar_agua_para_recuperacao_secundariade_petroleo_em_Albacora http://www.tecweb.inf.puc-rio.br/ontologies/swwiki#ehRespondidaPor http://www.tecweb.inf.puc-rio.br/ontologies/dr#Sistema_Convencional
	RESOURCE CREATED FOR SUBJECT: http://www.tecweb.inf.puc-rio.br/ontologies/dr#Como_injetar_agua_para_recuperacao_secundariade_petroleo_em_Albacora
OBJECT IS A RESOURCE? 1
	RESOURCE CREATED FOR PREDICATE: http://www.tecweb.inf.puc-rio.br/ontologies/swwiki#ehRespondidaPor
	OBJECTS FOR SUBJECT AND PREDICATE: [#<["RDFS::Resource", "SWWIKI::WikiPage", "DR::Ideia", "DR::ElementoDeRaciocinio", "RDF::Resource"] http://www.tecweb.inf.puc-rio.br/ontologies/dr#Sistema_Convencional>, #<["RDFS::Resource", "SWWIKI::WikiPage", "DR::Ideia", "DR::ElementoDeRaciocinio", "RDF::Resource"] http://www.tecweb.inf.puc-rio.br/ontologies/dr#Raw_Water_Injection>]
ADD TRIPLE: http://www.tecweb.inf.puc-rio.br/ontologies/dr#Como_injetar_agua_para_recuperacao_secundariade_petroleo_em_Albacora http://www.tecweb.inf.puc-rio.br/ontologies/swwiki#ehRespondidaPor http://www.tecweb.inf.puc-rio.br/ontologies/dr#Raw_Water_Injection
	RESOURCE CREATED FOR SUBJECT: http://www.tecweb.inf.puc-rio.br/ontologies/dr#Como_injetar_agua_para_recuperacao_secundariade_petroleo_em_Albacora
OBJECT IS A RESOURCE? 1
	RESOURCE CREATED FOR PREDICATE: http://www.tecweb.inf.puc-rio.br/ontologies/swwiki#ehRespondidaPor
	OBJECTS FOR SUBJECT AND PREDICATE: [#<["RDFS::Resource", "SWWIKI::WikiPage", "DR::Ideia", "DR::ElementoDeRaciocinio", "RDF::Resource"] http://www.tecweb.inf.puc-rio.br/ontologies/dr#Sistema_Convencional>, #<["RDFS::Resource", "SWWIKI::WikiPage", "DR::Ideia", "DR::ElementoDeRaciocinio", "RDF::Resource"] http://www.tecweb.inf.puc-rio.br/ontologies/dr#Raw_Water_Injection>]
ADD TRIPLE: http://www.tecweb.inf.puc-rio.br/ontologies/dr#Como_usar_esta_tecnica http://www.tecweb.inf.puc-rio.br/ontologies/swwiki#ehRespondidaPor http://www.tecweb.inf.puc-rio.br/ontologies/dr#Captar_agua_proxima_ao_injetor_e_fazer_tratamento_minimo
	RESOURCE CREATED FOR SUBJECT: http://www.tecweb.inf.puc-rio.br/ontologies/dr#Como_usar_esta_tecnica
OBJECT IS A RESOURCE? 1
	RESOURCE CREATED FOR PREDICATE: http://www.tecweb.inf.puc-rio.br/ontologies/swwiki#ehRespondidaPor
	OBJECTS FOR SUBJECT AND PREDICATE: [#<["RDFS::Resource", "SWWIKI::WikiPage", "DR::Ideia", "DR::ElementoDeRaciocinio", "RDF::Resource"] http://www.tecweb.inf.puc-rio.br/ontologies/dr#Extrapolar_pressao_da_TPT>]
	NEW OBJECT: http://www.tecweb.inf.puc-rio.br/ontologies/dr#Captar_agua_proxima_ao_injetor_e_fazer_tratamento_minimo
	TRIPLE ADDED: http://www.tecweb.inf.puc-rio.br/ontologies/dr#Como_usar_esta_tecnica http://www.tecweb.inf.puc-rio.br/ontologies/swwiki#ehRespondidaPor http://www.tecweb.inf.puc-rio.br/ontologies/dr#Captar_agua_proxima_ao_injetor_e_fazer_tratamento_minimo
ADD TRIPLE: http://www.tecweb.inf.puc-rio.br/ontologies/dr#Como_usar_esta_tecnica http://www.tecweb.inf.puc-rio.br/ontologies/swwiki#ehSugeridaPor http://www.tecweb.inf.puc-rio.br/ontologies/dr#Raw_Water_Injection
	RESOURCE CREATED FOR SUBJECT: http://www.tecweb.inf.puc-rio.br/ontologies/dr#Como_usar_esta_tecnica
OBJECT IS A RESOURCE? 1
	RESOURCE CREATED FOR PREDICATE: http://www.tecweb.inf.puc-rio.br/ontologies/swwiki#ehSugeridaPor
	OBJECTS FOR SUBJECT AND PREDICATE: [#<["RDFS::Resource", "SWWIKI::WikiPage", "DR::Ideia", "DR::ElementoDeRaciocinio", "RDF::Resource"] http://www.tecweb.inf.puc-rio.br/ontologies/dr#tpt>]
	NEW OBJECT: http://www.tecweb.inf.puc-rio.br/ontologies/dr#Raw_Water_Injection
	TRIPLE ADDED: http://www.tecweb.inf.puc-rio.br/ontologies/dr#Como_usar_esta_tecnica http://www.tecweb.inf.puc-rio.br/ontologies/swwiki#ehSugeridaPor http://www.tecweb.inf.puc-rio.br/ontologies/dr#Raw_Water_Injection
ADD TRIPLE: http://www.tecweb.inf.puc-rio.br/ontologies/dr#Quebra_de_Compressor http://www.tecweb.inf.puc-rio.br/ontologies/swwiki#ehRespondidaPor http://www.tecweb.inf.puc-rio.br/ontologies/dr#Desprendimento_do_fundo_da_tela_do_filtro_cesto
	RESOURCE CREATED FOR SUBJECT: http://www.tecweb.inf.puc-rio.br/ontologies/dr#Quebra_de_Compressor
OBJECT IS A RESOURCE? 1
	RESOURCE CREATED FOR PREDICATE: http://www.tecweb.inf.puc-rio.br/ontologies/swwiki#ehRespondidaPor
	OBJECTS FOR SUBJECT AND PREDICATE: [#<["RDFS::Resource", "SWWIKI::WikiPage", "DR::Ideia", "DR::ElementoDeRaciocinio", "RDF::Resource"] http://www.tecweb.inf.puc-rio.br/ontologies/dr#Desprendimento_do_fundo_da_tela_do_filtro_cesto>]
ADD TRIPLE: http://www.tecweb.inf.puc-rio.br/ontologies/dr#Quebra_de_Compressor http://www.tecweb.inf.puc-rio.br/ontologies/swwiki#ehRespondidaPor http://www.tecweb.inf.puc-rio.br/ontologies/dr#Desprendimento_do_fundo_da_tela_do_filtro_cesto
	RESOURCE CREATED FOR SUBJECT: http://www.tecweb.inf.puc-rio.br/ontologies/dr#Quebra_de_Compressor
OBJECT IS A RESOURCE? 1
	RESOURCE CREATED FOR PREDICATE: http://www.tecweb.inf.puc-rio.br/ontologies/swwiki#ehRespondidaPor
	OBJECTS FOR SUBJECT AND PREDICATE: [#<["RDFS::Resource", "SWWIKI::WikiPage", "DR::Ideia", "DR::ElementoDeRaciocinio", "RDF::Resource"] http://www.tecweb.inf.puc-rio.br/ontologies/dr#Desprendimento_do_fundo_da_tela_do_filtro_cesto>]
ADD TRIPLE: http://www.tecweb.inf.puc-rio.br/ontologies/dr#Presenca_de_produtos_de_corrosao_e_incrustacao_nos_impelidores http://www.tecweb.inf.puc-rio.br/ontologies/swwiki#responde http://www.tecweb.inf.puc-rio.br/ontologies/dr#Causas_de_Vibracao
	RESOURCE CREATED FOR SUBJECT: http://www.tecweb.inf.puc-rio.br/ontologies/dr#Presenca_de_produtos_de_corrosao_e_incrustacao_nos_impelidores
OBJECT IS A RESOURCE? 1
	RESOURCE CREATED FOR PREDICATE: http://www.tecweb.inf.puc-rio.br/ontologies/swwiki#responde
	OBJECTS FOR SUBJECT AND PREDICATE: [#<["RDFS::Resource", "SWWIKI::WikiPage", "DR::ElementoDeRaciocinio", "DR::Questao", "RDF::Resource"] http://www.tecweb.inf.puc-rio.br/ontologies/dr#Causas_de_Vibracao>]
ADD TRIPLE: http://www.tecweb.inf.puc-rio.br/ontologies/dr#Presenca_de_produtos_de_corrosao_e_incrustacao_nos_impelidores http://www.tecweb.inf.puc-rio.br/ontologies/swwiki#favorecidaPor http://www.tecweb.inf.puc-rio.br/ontologies/dr#Ma_execucao_do_comissionamento
	RESOURCE CREATED FOR SUBJECT: http://www.tecweb.inf.puc-rio.br/ontologies/dr#Presenca_de_produtos_de_corrosao_e_incrustacao_nos_impelidores
OBJECT IS A RESOURCE? 1
	RESOURCE CREATED FOR PREDICATE: http://www.tecweb.inf.puc-rio.br/ontologies/swwiki#favorecidaPor
	OBJECTS FOR SUBJECT AND PREDICATE: [#<["RDFS::Resource", "SWWIKI::WikiPage", "DR::Argumento", "DR::ElementoDeRaciocinio", "RDF::Resource"] http://www.tecweb.inf.puc-rio.br/ontologies/dr#Ma_execucao_do_comissionamento>, #<["RDFS::Resource", "SWWIKI::WikiPage", "DR::Argumento", "DR::ElementoDeRaciocinio", "RDF::Resource"] http://www.tecweb.inf.puc-rio.br/ontologies/dr#Bom_acompanhamento>]
ADD TRIPLE: http://www.tecweb.inf.puc-rio.br/ontologies/dr#Presenca_de_produtos_de_corrosao_e_incrustacao_nos_impelidores http://www.tecweb.inf.puc-rio.br/ontologies/swwiki#favorecidaPor http://www.tecweb.inf.puc-rio.br/ontologies/dr#Bom_acompanhamento
	RESOURCE CREATED FOR SUBJECT: http://www.tecweb.inf.puc-rio.br/ontologies/dr#Presenca_de_produtos_de_corrosao_e_incrustacao_nos_impelidores
OBJECT IS A RESOURCE? 1
	RESOURCE CREATED FOR PREDICATE: http://www.tecweb.inf.puc-rio.br/ontologies/swwiki#favorecidaPor
	OBJECTS FOR SUBJECT AND PREDICATE: [#<["RDFS::Resource", "SWWIKI::WikiPage", "DR::Argumento", "DR::ElementoDeRaciocinio", "RDF::Resource"] http://www.tecweb.inf.puc-rio.br/ontologies/dr#Ma_execucao_do_comissionamento>, #<["RDFS::Resource", "SWWIKI::WikiPage", "DR::Argumento", "DR::ElementoDeRaciocinio", "RDF::Resource"] http://www.tecweb.inf.puc-rio.br/ontologies/dr#Bom_acompanhamento>]
ADD TRIPLE: http://www.tecweb.inf.puc-rio.br/ontologies/dr#Causas_de_Vibracao http://www.tecweb.inf.puc-rio.br/ontologies/swwiki#ehRespondidaPor http://www.tecweb.inf.puc-rio.br/ontologies/dr#Usar_dados_de_pressao_na_cabeca_e_vazao_de_injecao
	RESOURCE CREATED FOR SUBJECT: http://www.tecweb.inf.puc-rio.br/ontologies/dr#Causas_de_Vibracao
OBJECT IS A RESOURCE? 1
	RESOURCE CREATED FOR PREDICATE: http://www.tecweb.inf.puc-rio.br/ontologies/swwiki#ehRespondidaPor
	OBJECTS FOR SUBJECT AND PREDICATE: [#<["RDFS::Resource", "SWWIKI::WikiPage", "DR::Ideia", "DR::ElementoDeRaciocinio", "RDF::Resource"] http://www.tecweb.inf.puc-rio.br/ontologies/dr#Presenca_de_produtos_de_corrosao_e_incrustacao_nos_impelidores>]
	NEW OBJECT: http://www.tecweb.inf.puc-rio.br/ontologies/dr#Usar_dados_de_pressao_na_cabeca_e_vazao_de_injecao
	TRIPLE ADDED: http://www.tecweb.inf.puc-rio.br/ontologies/dr#Causas_de_Vibracao http://www.tecweb.inf.puc-rio.br/ontologies/swwiki#ehRespondidaPor http://www.tecweb.inf.puc-rio.br/ontologies/dr#Usar_dados_de_pressao_na_cabeca_e_vazao_de_injecao
ADD TRIPLE: http://www.tecweb.inf.puc-rio.br/ontologies/dr#Causas_de_Vibracao http://www.tecweb.inf.puc-rio.br/ontologies/swwiki#ehRespondidaPor http://www.tecweb.inf.puc-rio.br/ontologies/dr#Presenca_de_produtos_de_corrosao_e_incrustacao_nos_impelidores
	RESOURCE CREATED FOR SUBJECT: http://www.tecweb.inf.puc-rio.br/ontologies/dr#Causas_de_Vibracao
OBJECT IS A RESOURCE? 1
	RESOURCE CREATED FOR PREDICATE: http://www.tecweb.inf.puc-rio.br/ontologies/swwiki#ehRespondidaPor
	OBJECTS FOR SUBJECT AND PREDICATE: [#<["RDFS::Resource", "SWWIKI::WikiPage", "DR::Ideia", "DR::ElementoDeRaciocinio", "RDF::Resource"] http://www.tecweb.inf.puc-rio.br/ontologies/dr#Presenca_de_produtos_de_corrosao_e_incrustacao_nos_impelidores>]
ADD TRIPLE: http://www.tecweb.inf.puc-rio.br/ontologies/dr#Causas_de_Vibracao http://www.tecweb.inf.puc-rio.br/ontologies/swwiki#ehSugeridaPor http://www.tecweb.inf.puc-rio.br/ontologies/dr#Vibracao_excessiva_do_compressor
	RESOURCE CREATED FOR SUBJECT: http://www.tecweb.inf.puc-rio.br/ontologies/dr#Causas_de_Vibracao
OBJECT IS A RESOURCE? 1
	RESOURCE CREATED FOR PREDICATE: http://www.tecweb.inf.puc-rio.br/ontologies/swwiki#ehSugeridaPor
	OBJECTS FOR SUBJECT AND PREDICATE: [#<["RDFS::Resource", "SWWIKI::WikiPage", "DR::Ideia", "DR::ElementoDeRaciocinio", "RDF::Resource"] http://www.tecweb.inf.puc-rio.br/ontologies/dr#Vibracao_excessiva_do_compressor>]
ADD TRIPLE: http://www.tecweb.inf.puc-rio.br/ontologies/dr#Causa_de_indisponibilidade_de_TC http://www.tecweb.inf.puc-rio.br/ontologies/swwiki#ehRespondidaPor http://www.tecweb.inf.puc-rio.br/ontologies/dr#Danos_no_selo_de_gas_primario_do_compr_e_baixa
	RESOURCE CREATED FOR SUBJECT: http://www.tecweb.inf.puc-rio.br/ontologies/dr#Causa_de_indisponibilidade_de_TC
OBJECT IS A RESOURCE? 1
	RESOURCE CREATED FOR PREDICATE: http://www.tecweb.inf.puc-rio.br/ontologies/swwiki#ehRespondidaPor
	OBJECTS FOR SUBJECT AND PREDICATE: [#<["RDFS::Resource", "SWWIKI::WikiPage", "DR::Ideia", "DR::ElementoDeRaciocinio", "RDF::Resource"] http://www.tecweb.inf.puc-rio.br/ontologies/dr#Vazamento_de_gas_no_1_e_2_estagio>, #<["RDFS::Resource", "SWWIKI::WikiPage", "DR::Ideia", "DR::ElementoDeRaciocinio", "RDF::Resource"] http://www.tecweb.inf.puc-rio.br/ontologies/dr#Vazamento_de_gas_no_3_estágio>, #<["RDFS::Resource", "SWWIKI::WikiPage", "DR::Ideia", "DR::ElementoDeRaciocinio", "RDF::Resource"] http://www.tecweb.inf.puc-rio.br/ontologies/dr#Danos_no_selo_de_gas_primario_do_compr_e_baixa>, #<["RDFS::Resource", "SWWIKI::WikiPage", "DR::Ideia", "DR::ElementoDeRaciocinio", "RDF::Resource"] http://www.tecweb.inf.puc-rio.br/ontologies/dr#Falta_de_selos_sobressalentes>, #<["RDFS::Resource", "SWWIKI::WikiPage", "DR::Ideia", "DR::ElementoDeRaciocinio", "RDF::Resource"] http://www.tecweb.inf.puc-rio.br/ontologies/dr#Vibracao_excessiva_do_compressor>]
ADD TRIPLE: http://www.tecweb.inf.puc-rio.br/ontologies/dr#Causa_de_indisponibilidade_de_TC http://www.tecweb.inf.puc-rio.br/ontologies/swwiki#ehRespondidaPor http://www.tecweb.inf.puc-rio.br/ontologies/dr#Falta_de_selos_sobressalentes
	RESOURCE CREATED FOR SUBJECT: http://www.tecweb.inf.puc-rio.br/ontologies/dr#Causa_de_indisponibilidade_de_TC
OBJECT IS A RESOURCE? 1
	RESOURCE CREATED FOR PREDICATE: http://www.tecweb.inf.puc-rio.br/ontologies/swwiki#ehRespondidaPor
	OBJECTS FOR SUBJECT AND PREDICATE: [#<["RDFS::Resource", "SWWIKI::WikiPage", "DR::Ideia", "DR::ElementoDeRaciocinio", "RDF::Resource"] http://www.tecweb.inf.puc-rio.br/ontologies/dr#Vazamento_de_gas_no_1_e_2_estagio>, #<["RDFS::Resource", "SWWIKI::WikiPage", "DR::Ideia", "DR::ElementoDeRaciocinio", "RDF::Resource"] http://www.tecweb.inf.puc-rio.br/ontologies/dr#Vazamento_de_gas_no_3_estágio>, #<["RDFS::Resource", "SWWIKI::WikiPage", "DR::Ideia", "DR::ElementoDeRaciocinio", "RDF::Resource"] http://www.tecweb.inf.puc-rio.br/ontologies/dr#Danos_no_selo_de_gas_primario_do_compr_e_baixa>, #<["RDFS::Resource", "SWWIKI::WikiPage", "DR::Ideia", "DR::ElementoDeRaciocinio", "RDF::Resource"] http://www.tecweb.inf.puc-rio.br/ontologies/dr#Falta_de_selos_sobressalentes>, #<["RDFS::Resource", "SWWIKI::WikiPage", "DR::Ideia", "DR::ElementoDeRaciocinio", "RDF::Resource"] http://www.tecweb.inf.puc-rio.br/ontologies/dr#Vibracao_excessiva_do_compressor>]
ADD TRIPLE: http://www.tecweb.inf.puc-rio.br/ontologies/dr#Causa_de_indisponibilidade_de_TC http://www.tecweb.inf.puc-rio.br/ontologies/swwiki#ehRespondidaPor http://www.tecweb.inf.puc-rio.br/ontologies/dr#Vibracao_excessiva_do_compressor
	RESOURCE CREATED FOR SUBJECT: http://www.tecweb.inf.puc-rio.br/ontologies/dr#Causa_de_indisponibilidade_de_TC
OBJECT IS A RESOURCE? 1
	RESOURCE CREATED FOR PREDICATE: http://www.tecweb.inf.puc-rio.br/ontologies/swwiki#ehRespondidaPor
	OBJECTS FOR SUBJECT AND PREDICATE: [#<["RDFS::Resource", "SWWIKI::WikiPage", "DR::Ideia", "DR::ElementoDeRaciocinio", "RDF::Resource"] http://www.tecweb.inf.puc-rio.br/ontologies/dr#Vazamento_de_gas_no_1_e_2_estagio>, #<["RDFS::Resource", "SWWIKI::WikiPage", "DR::Ideia", "DR::ElementoDeRaciocinio", "RDF::Resource"] http://www.tecweb.inf.puc-rio.br/ontologies/dr#Vazamento_de_gas_no_3_estágio>, #<["RDFS::Resource", "SWWIKI::WikiPage", "DR::Ideia", "DR::ElementoDeRaciocinio", "RDF::Resource"] http://www.tecweb.inf.puc-rio.br/ontologies/dr#Danos_no_selo_de_gas_primario_do_compr_e_baixa>, #<["RDFS::Resource", "SWWIKI::WikiPage", "DR::Ideia", "DR::ElementoDeRaciocinio", "RDF::Resource"] http://www.tecweb.inf.puc-rio.br/ontologies/dr#Falta_de_selos_sobressalentes>, #<["RDFS::Resource", "SWWIKI::WikiPage", "DR::Ideia", "DR::ElementoDeRaciocinio", "RDF::Resource"] http://www.tecweb.inf.puc-rio.br/ontologies/dr#Vibracao_excessiva_do_compressor>]
ADD TRIPLE: http://www.tecweb.inf.puc-rio.br/ontologies/dr#Causa_de_indisponibilidade_de_TC http://www.tecweb.inf.puc-rio.br/ontologies/swwiki#ehRespondidaPor http://www.tecweb.inf.puc-rio.br/ontologies/dr#Vazamento_de_gas_no_1_e_2_estagio
	RESOURCE CREATED FOR SUBJECT: http://www.tecweb.inf.puc-rio.br/ontologies/dr#Causa_de_indisponibilidade_de_TC
OBJECT IS A RESOURCE? 1
	RESOURCE CREATED FOR PREDICATE: http://www.tecweb.inf.puc-rio.br/ontologies/swwiki#ehRespondidaPor
	OBJECTS FOR SUBJECT AND PREDICATE: [#<["RDFS::Resource", "SWWIKI::WikiPage", "DR::Ideia", "DR::ElementoDeRaciocinio", "RDF::Resource"] http://www.tecweb.inf.puc-rio.br/ontologies/dr#Vazamento_de_gas_no_1_e_2_estagio>, #<["RDFS::Resource", "SWWIKI::WikiPage", "DR::Ideia", "DR::ElementoDeRaciocinio", "RDF::Resource"] http://www.tecweb.inf.puc-rio.br/ontologies/dr#Vazamento_de_gas_no_3_estágio>, #<["RDFS::Resource", "SWWIKI::WikiPage", "DR::Ideia", "DR::ElementoDeRaciocinio", "RDF::Resource"] http://www.tecweb.inf.puc-rio.br/ontologies/dr#Danos_no_selo_de_gas_primario_do_compr_e_baixa>, #<["RDFS::Resource", "SWWIKI::WikiPage", "DR::Ideia", "DR::ElementoDeRaciocinio", "RDF::Resource"] http://www.tecweb.inf.puc-rio.br/ontologies/dr#Falta_de_selos_sobressalentes>, #<["RDFS::Resource", "SWWIKI::WikiPage", "DR::Ideia", "DR::ElementoDeRaciocinio", "RDF::Resource"] http://www.tecweb.inf.puc-rio.br/ontologies/dr#Vibracao_excessiva_do_compressor>]
ADD TRIPLE: http://www.tecweb.inf.puc-rio.br/ontologies/dr#Causa_de_indisponibilidade_de_TC http://www.tecweb.inf.puc-rio.br/ontologies/swwiki#ehRespondidaPor http://www.tecweb.inf.puc-rio.br/ontologies/dr#Vazamento_de_gas_no_3_estágio
	RESOURCE CREATED FOR SUBJECT: http://www.tecweb.inf.puc-rio.br/ontologies/dr#Causa_de_indisponibilidade_de_TC
OBJECT IS A RESOURCE? 1
	RESOURCE CREATED FOR PREDICATE: http://www.tecweb.inf.puc-rio.br/ontologies/swwiki#ehRespondidaPor
	OBJECTS FOR SUBJECT AND PREDICATE: [#<["RDFS::Resource", "SWWIKI::WikiPage", "DR::Ideia", "DR::ElementoDeRaciocinio", "RDF::Resource"] http://www.tecweb.inf.puc-rio.br/ontologies/dr#Vazamento_de_gas_no_1_e_2_estagio>, #<["RDFS::Resource", "SWWIKI::WikiPage", "DR::Ideia", "DR::ElementoDeRaciocinio", "RDF::Resource"] http://www.tecweb.inf.puc-rio.br/ontologies/dr#Vazamento_de_gas_no_3_estágio>, #<["RDFS::Resource", "SWWIKI::WikiPage", "DR::Ideia", "DR::ElementoDeRaciocinio", "RDF::Resource"] http://www.tecweb.inf.puc-rio.br/ontologies/dr#Danos_no_selo_de_gas_primario_do_compr_e_baixa>, #<["RDFS::Resource", "SWWIKI::WikiPage", "DR::Ideia", "DR::ElementoDeRaciocinio", "RDF::Resource"] http://www.tecweb.inf.puc-rio.br/ontologies/dr#Falta_de_selos_sobressalentes>, #<["RDFS::Resource", "SWWIKI::WikiPage", "DR::Ideia", "DR::ElementoDeRaciocinio", "RDF::Resource"] http://www.tecweb.inf.puc-rio.br/ontologies/dr#Vibracao_excessiva_do_compressor>]
ADD TRIPLE: http://www.tecweb.inf.puc-rio.br/ontologies/dr#Causa_de_indisponibilidade_de_TC http://www.tecweb.inf.puc-rio.br/ontologies/swwiki#ehRespondidaPor http://www.tecweb.inf.puc-rio.br/ontologies/dr#Vazamento_de_gas_no_1_e_2_estagio
	RESOURCE CREATED FOR SUBJECT: http://www.tecweb.inf.puc-rio.br/ontologies/dr#Causa_de_indisponibilidade_de_TC
OBJECT IS A RESOURCE? 1
	RESOURCE CREATED FOR PREDICATE: http://www.tecweb.inf.puc-rio.br/ontologies/swwiki#ehRespondidaPor
	OBJECTS FOR SUBJECT AND PREDICATE: [#<["RDFS::Resource", "SWWIKI::WikiPage", "DR::Ideia", "DR::ElementoDeRaciocinio", "RDF::Resource"] http://www.tecweb.inf.puc-rio.br/ontologies/dr#Vazamento_de_gas_no_1_e_2_estagio>, #<["RDFS::Resource", "SWWIKI::WikiPage", "DR::Ideia", "DR::ElementoDeRaciocinio", "RDF::Resource"] http://www.tecweb.inf.puc-rio.br/ontologies/dr#Vazamento_de_gas_no_3_estágio>, #<["RDFS::Resource", "SWWIKI::WikiPage", "DR::Ideia", "DR::ElementoDeRaciocinio", "RDF::Resource"] http://www.tecweb.inf.puc-rio.br/ontologies/dr#Danos_no_selo_de_gas_primario_do_compr_e_baixa>, #<["RDFS::Resource", "SWWIKI::WikiPage", "DR::Ideia", "DR::ElementoDeRaciocinio", "RDF::Resource"] http://www.tecweb.inf.puc-rio.br/ontologies/dr#Falta_de_selos_sobressalentes>, #<["RDFS::Resource", "SWWIKI::WikiPage", "DR::Ideia", "DR::ElementoDeRaciocinio", "RDF::Resource"] http://www.tecweb.inf.puc-rio.br/ontologies/dr#Vibracao_excessiva_do_compressor>]
ADD TRIPLE: http://www.tecweb.inf.puc-rio.br/ontologies/dr#Causa_de_indisponibilidade_de_TC http://www.tecweb.inf.puc-rio.br/ontologies/swwiki#ehRespondidaPor http://www.tecweb.inf.puc-rio.br/ontologies/dr#Vazamento_de_gas_no_3_estágio
	RESOURCE CREATED FOR SUBJECT: http://www.tecweb.inf.puc-rio.br/ontologies/dr#Causa_de_indisponibilidade_de_TC
OBJECT IS A RESOURCE? 1
	RESOURCE CREATED FOR PREDICATE: http://www.tecweb.inf.puc-rio.br/ontologies/swwiki#ehRespondidaPor
	OBJECTS FOR SUBJECT AND PREDICATE: [#<["RDFS::Resource", "SWWIKI::WikiPage", "DR::Ideia", "DR::ElementoDeRaciocinio", "RDF::Resource"] http://www.tecweb.inf.puc-rio.br/ontologies/dr#Vazamento_de_gas_no_1_e_2_estagio>, #<["RDFS::Resource", "SWWIKI::WikiPage", "DR::Ideia", "DR::ElementoDeRaciocinio", "RDF::Resource"] http://www.tecweb.inf.puc-rio.br/ontologies/dr#Vazamento_de_gas_no_3_estágio>, #<["RDFS::Resource", "SWWIKI::WikiPage", "DR::Ideia", "DR::ElementoDeRaciocinio", "RDF::Resource"] http://www.tecweb.inf.puc-rio.br/ontologies/dr#Danos_no_selo_de_gas_primario_do_compr_e_baixa>, #<["RDFS::Resource", "SWWIKI::WikiPage", "DR::Ideia", "DR::ElementoDeRaciocinio", "RDF::Resource"] http://www.tecweb.inf.puc-rio.br/ontologies/dr#Falta_de_selos_sobressalentes>, #<["RDFS::Resource", "SWWIKI::WikiPage", "DR::Ideia", "DR::ElementoDeRaciocinio", "RDF::Resource"] http://www.tecweb.inf.puc-rio.br/ontologies/dr#Vibracao_excessiva_do_compressor>]
ADD TRIPLE: http://www.tecweb.inf.puc-rio.br/ontologies/dr#Causa_de_indisponibilidade_de_TC http://www.tecweb.inf.puc-rio.br/ontologies/swwiki#ehRespondidaPor http://www.tecweb.inf.puc-rio.br/ontologies/dr#Danos_no_selo_de_gas_primario_do_compr_e_baixa
	RESOURCE CREATED FOR SUBJECT: http://www.tecweb.inf.puc-rio.br/ontologies/dr#Causa_de_indisponibilidade_de_TC
OBJECT IS A RESOURCE? 1
	RESOURCE CREATED FOR PREDICATE: http://www.tecweb.inf.puc-rio.br/ontologies/swwiki#ehRespondidaPor
	OBJECTS FOR SUBJECT AND PREDICATE: [#<["RDFS::Resource", "SWWIKI::WikiPage", "DR::Ideia", "DR::ElementoDeRaciocinio", "RDF::Resource"] http://www.tecweb.inf.puc-rio.br/ontologies/dr#Vazamento_de_gas_no_1_e_2_estagio>, #<["RDFS::Resource", "SWWIKI::WikiPage", "DR::Ideia", "DR::ElementoDeRaciocinio", "RDF::Resource"] http://www.tecweb.inf.puc-rio.br/ontologies/dr#Vazamento_de_gas_no_3_estágio>, #<["RDFS::Resource", "SWWIKI::WikiPage", "DR::Ideia", "DR::ElementoDeRaciocinio", "RDF::Resource"] http://www.tecweb.inf.puc-rio.br/ontologies/dr#Danos_no_selo_de_gas_primario_do_compr_e_baixa>, #<["RDFS::Resource", "SWWIKI::WikiPage", "DR::Ideia", "DR::ElementoDeRaciocinio", "RDF::Resource"] http://www.tecweb.inf.puc-rio.br/ontologies/dr#Falta_de_selos_sobressalentes>, #<["RDFS::Resource", "SWWIKI::WikiPage", "DR::Ideia", "DR::ElementoDeRaciocinio", "RDF::Resource"] http://www.tecweb.inf.puc-rio.br/ontologies/dr#Vibracao_excessiva_do_compressor>]
ADD TRIPLE: http://www.tecweb.inf.puc-rio.br/ontologies/dr#Causa_de_indisponibilidade_de_TC http://www.tecweb.inf.puc-rio.br/ontologies/swwiki#ehRespondidaPor http://www.tecweb.inf.puc-rio.br/ontologies/dr#Falta_de_selos_sobressalentes
	RESOURCE CREATED FOR SUBJECT: http://www.tecweb.inf.puc-rio.br/ontologies/dr#Causa_de_indisponibilidade_de_TC
OBJECT IS A RESOURCE? 1
	RESOURCE CREATED FOR PREDICATE: http://www.tecweb.inf.puc-rio.br/ontologies/swwiki#ehRespondidaPor
	OBJECTS FOR SUBJECT AND PREDICATE: [#<["RDFS::Resource", "SWWIKI::WikiPage", "DR::Ideia", "DR::ElementoDeRaciocinio", "RDF::Resource"] http://www.tecweb.inf.puc-rio.br/ontologies/dr#Vazamento_de_gas_no_1_e_2_estagio>, #<["RDFS::Resource", "SWWIKI::WikiPage", "DR::Ideia", "DR::ElementoDeRaciocinio", "RDF::Resource"] http://www.tecweb.inf.puc-rio.br/ontologies/dr#Vazamento_de_gas_no_3_estágio>, #<["RDFS::Resource", "SWWIKI::WikiPage", "DR::Ideia", "DR::ElementoDeRaciocinio", "RDF::Resource"] http://www.tecweb.inf.puc-rio.br/ontologies/dr#Danos_no_selo_de_gas_primario_do_compr_e_baixa>, #<["RDFS::Resource", "SWWIKI::WikiPage", "DR::Ideia", "DR::ElementoDeRaciocinio", "RDF::Resource"] http://www.tecweb.inf.puc-rio.br/ontologies/dr#Falta_de_selos_sobressalentes>, #<["RDFS::Resource", "SWWIKI::WikiPage", "DR::Ideia", "DR::ElementoDeRaciocinio", "RDF::Resource"] http://www.tecweb.inf.puc-rio.br/ontologies/dr#Vibracao_excessiva_do_compressor>]
ADD TRIPLE: http://www.tecweb.inf.puc-rio.br/ontologies/dr#Causa_de_indisponibilidade_de_TC http://www.tecweb.inf.puc-rio.br/ontologies/swwiki#ehRespondidaPor http://www.tecweb.inf.puc-rio.br/ontologies/dr#Vibracao_excessiva_do_compressor
	RESOURCE CREATED FOR SUBJECT: http://www.tecweb.inf.puc-rio.br/ontologies/dr#Causa_de_indisponibilidade_de_TC
OBJECT IS A RESOURCE? 1
	RESOURCE CREATED FOR PREDICATE: http://www.tecweb.inf.puc-rio.br/ontologies/swwiki#ehRespondidaPor
	OBJECTS FOR SUBJECT AND PREDICATE: [#<["RDFS::Resource", "SWWIKI::WikiPage", "DR::Ideia", "DR::ElementoDeRaciocinio", "RDF::Resource"] http://www.tecweb.inf.puc-rio.br/ontologies/dr#Vazamento_de_gas_no_1_e_2_estagio>, #<["RDFS::Resource", "SWWIKI::WikiPage", "DR::Ideia", "DR::ElementoDeRaciocinio", "RDF::Resource"] http://www.tecweb.inf.puc-rio.br/ontologies/dr#Vazamento_de_gas_no_3_estágio>, #<["RDFS::Resource", "SWWIKI::WikiPage", "DR::Ideia", "DR::ElementoDeRaciocinio", "RDF::Resource"] http://www.tecweb.inf.puc-rio.br/ontologies/dr#Danos_no_selo_de_gas_primario_do_compr_e_baixa>, #<["RDFS::Resource", "SWWIKI::WikiPage", "DR::Ideia", "DR::ElementoDeRaciocinio", "RDF::Resource"] http://www.tecweb.inf.puc-rio.br/ontologies/dr#Falta_de_selos_sobressalentes>, #<["RDFS::Resource", "SWWIKI::WikiPage", "DR::Ideia", "DR::ElementoDeRaciocinio", "RDF::Resource"] http://www.tecweb.inf.puc-rio.br/ontologies/dr#Vibracao_excessiva_do_compressor>]
ADD TRIPLE: http://www.tecweb.inf.puc-rio.br/ontologies/dr#Causa_de_indisponibilidade_de_TC http://www.tecweb.inf.puc-rio.br/ontologies/swwiki#ehRespondidaPor http://www.tecweb.inf.puc-rio.br/ontologies/dr#Danos_no_selo_de_gas_primario_do_compr_e_baixa
	RESOURCE CREATED FOR SUBJECT: http://www.tecweb.inf.puc-rio.br/ontologies/dr#Causa_de_indisponibilidade_de_TC
OBJECT IS A RESOURCE? 1
	RESOURCE CREATED FOR PREDICATE: http://www.tecweb.inf.puc-rio.br/ontologies/swwiki#ehRespondidaPor
	OBJECTS FOR SUBJECT AND PREDICATE: [#<["RDFS::Resource", "SWWIKI::WikiPage", "DR::Ideia", "DR::ElementoDeRaciocinio", "RDF::Resource"] http://www.tecweb.inf.puc-rio.br/ontologies/dr#Vazamento_de_gas_no_1_e_2_estagio>, #<["RDFS::Resource", "SWWIKI::WikiPage", "DR::Ideia", "DR::ElementoDeRaciocinio", "RDF::Resource"] http://www.tecweb.inf.puc-rio.br/ontologies/dr#Vazamento_de_gas_no_3_estágio>, #<["RDFS::Resource", "SWWIKI::WikiPage", "DR::Ideia", "DR::ElementoDeRaciocinio", "RDF::Resource"] http://www.tecweb.inf.puc-rio.br/ontologies/dr#Danos_no_selo_de_gas_primario_do_compr_e_baixa>, #<["RDFS::Resource", "SWWIKI::WikiPage", "DR::Ideia", "DR::ElementoDeRaciocinio", "RDF::Resource"] http://www.tecweb.inf.puc-rio.br/ontologies/dr#Falta_de_selos_sobressalentes>, #<["RDFS::Resource", "SWWIKI::WikiPage", "DR::Ideia", "DR::ElementoDeRaciocinio", "RDF::Resource"] http://www.tecweb.inf.puc-rio.br/ontologies/dr#Vibracao_excessiva_do_compressor>]
ADD TRIPLE: http://www.tecweb.inf.puc-rio.br/ontologies/dr#Causa_de_indisponibilidade_de_TC http://www.tecweb.inf.puc-rio.br/ontologies/swwiki#ehRespondidaPor http://www.tecweb.inf.puc-rio.br/ontologies/dr#Falta_de_selos_sobressalentes
	RESOURCE CREATED FOR SUBJECT: http://www.tecweb.inf.puc-rio.br/ontologies/dr#Causa_de_indisponibilidade_de_TC
OBJECT IS A RESOURCE? 1
	RESOURCE CREATED FOR PREDICATE: http://www.tecweb.inf.puc-rio.br/ontologies/swwiki#ehRespondidaPor
	OBJECTS FOR SUBJECT AND PREDICATE: [#<["RDFS::Resource", "SWWIKI::WikiPage", "DR::Ideia", "DR::ElementoDeRaciocinio", "RDF::Resource"] http://www.tecweb.inf.puc-rio.br/ontologies/dr#Vazamento_de_gas_no_1_e_2_estagio>, #<["RDFS::Resource", "SWWIKI::WikiPage", "DR::Ideia", "DR::ElementoDeRaciocinio", "RDF::Resource"] http://www.tecweb.inf.puc-rio.br/ontologies/dr#Vazamento_de_gas_no_3_estágio>, #<["RDFS::Resource", "SWWIKI::WikiPage", "DR::Ideia", "DR::ElementoDeRaciocinio", "RDF::Resource"] http://www.tecweb.inf.puc-rio.br/ontologies/dr#Danos_no_selo_de_gas_primario_do_compr_e_baixa>, #<["RDFS::Resource", "SWWIKI::WikiPage", "DR::Ideia", "DR::ElementoDeRaciocinio", "RDF::Resource"] http://www.tecweb.inf.puc-rio.br/ontologies/dr#Falta_de_selos_sobressalentes>, #<["RDFS::Resource", "SWWIKI::WikiPage", "DR::Ideia", "DR::ElementoDeRaciocinio", "RDF::Resource"] http://www.tecweb.inf.puc-rio.br/ontologies/dr#Vibracao_excessiva_do_compressor>]
ADD TRIPLE: http://www.tecweb.inf.puc-rio.br/ontologies/dr#Causa_de_indisponibilidade_de_TC http://www.tecweb.inf.puc-rio.br/ontologies/swwiki#ehRespondidaPor http://www.tecweb.inf.puc-rio.br/ontologies/dr#Vibracao_excessiva_do_compressor
	RESOURCE CREATED FOR SUBJECT: http://www.tecweb.inf.puc-rio.br/ontologies/dr#Causa_de_indisponibilidade_de_TC
OBJECT IS A RESOURCE? 1
	RESOURCE CREATED FOR PREDICATE: http://www.tecweb.inf.puc-rio.br/ontologies/swwiki#ehRespondidaPor
	OBJECTS FOR SUBJECT AND PREDICATE: [#<["RDFS::Resource", "SWWIKI::WikiPage", "DR::Ideia", "DR::ElementoDeRaciocinio", "RDF::Resource"] http://www.tecweb.inf.puc-rio.br/ontologies/dr#Vazamento_de_gas_no_1_e_2_estagio>, #<["RDFS::Resource", "SWWIKI::WikiPage", "DR::Ideia", "DR::ElementoDeRaciocinio", "RDF::Resource"] http://www.tecweb.inf.puc-rio.br/ontologies/dr#Vazamento_de_gas_no_3_estágio>, #<["RDFS::Resource", "SWWIKI::WikiPage", "DR::Ideia", "DR::ElementoDeRaciocinio", "RDF::Resource"] http://www.tecweb.inf.puc-rio.br/ontologies/dr#Danos_no_selo_de_gas_primario_do_compr_e_baixa>, #<["RDFS::Resource", "SWWIKI::WikiPage", "DR::Ideia", "DR::ElementoDeRaciocinio", "RDF::Resource"] http://www.tecweb.inf.puc-rio.br/ontologies/dr#Falta_de_selos_sobressalentes>, #<["RDFS::Resource", "SWWIKI::WikiPage", "DR::Ideia", "DR::ElementoDeRaciocinio", "RDF::Resource"] http://www.tecweb.inf.puc-rio.br/ontologies/dr#Vibracao_excessiva_do_compressor>]
ADD TRIPLE: http://www.tecweb.inf.puc-rio.br/ontologies/dr#Causa_de_indisponibilidade_de_TC http://www.tecweb.inf.puc-rio.br/ontologies/swwiki#ehRespondidaPor http://www.tecweb.inf.puc-rio.br/ontologies/dr#Vazamento_de_gas_no_1_e_2_estagio
	RESOURCE CREATED FOR SUBJECT: http://www.tecweb.inf.puc-rio.br/ontologies/dr#Causa_de_indisponibilidade_de_TC
OBJECT IS A RESOURCE? 1
	RESOURCE CREATED FOR PREDICATE: http://www.tecweb.inf.puc-rio.br/ontologies/swwiki#ehRespondidaPor
	OBJECTS FOR SUBJECT AND PREDICATE: [#<["RDFS::Resource", "SWWIKI::WikiPage", "DR::Ideia", "DR::ElementoDeRaciocinio", "RDF::Resource"] http://www.tecweb.inf.puc-rio.br/ontologies/dr#Vazamento_de_gas_no_1_e_2_estagio>, #<["RDFS::Resource", "SWWIKI::WikiPage", "DR::Ideia", "DR::ElementoDeRaciocinio", "RDF::Resource"] http://www.tecweb.inf.puc-rio.br/ontologies/dr#Vazamento_de_gas_no_3_estágio>, #<["RDFS::Resource", "SWWIKI::WikiPage", "DR::Ideia", "DR::ElementoDeRaciocinio", "RDF::Resource"] http://www.tecweb.inf.puc-rio.br/ontologies/dr#Danos_no_selo_de_gas_primario_do_compr_e_baixa>, #<["RDFS::Resource", "SWWIKI::WikiPage", "DR::Ideia", "DR::ElementoDeRaciocinio", "RDF::Resource"] http://www.tecweb.inf.puc-rio.br/ontologies/dr#Falta_de_selos_sobressalentes>, #<["RDFS::Resource", "SWWIKI::WikiPage", "DR::Ideia", "DR::ElementoDeRaciocinio", "RDF::Resource"] http://www.tecweb.inf.puc-rio.br/ontologies/dr#Vibracao_excessiva_do_compressor>]
ADD TRIPLE: http://www.tecweb.inf.puc-rio.br/ontologies/dr#Causa_de_indisponibilidade_de_TC http://www.tecweb.inf.puc-rio.br/ontologies/swwiki#ehRespondidaPor http://www.tecweb.inf.puc-rio.br/ontologies/dr#Vazamento_de_gas_no_3_estágio
	RESOURCE CREATED FOR SUBJECT: http://www.tecweb.inf.puc-rio.br/ontologies/dr#Causa_de_indisponibilidade_de_TC
OBJECT IS A RESOURCE? 1
	RESOURCE CREATED FOR PREDICATE: http://www.tecweb.inf.puc-rio.br/ontologies/swwiki#ehRespondidaPor
	OBJECTS FOR SUBJECT AND PREDICATE: [#<["RDFS::Resource", "SWWIKI::WikiPage", "DR::Ideia", "DR::ElementoDeRaciocinio", "RDF::Resource"] http://www.tecweb.inf.puc-rio.br/ontologies/dr#Vazamento_de_gas_no_1_e_2_estagio>, #<["RDFS::Resource", "SWWIKI::WikiPage", "DR::Ideia", "DR::ElementoDeRaciocinio", "RDF::Resource"] http://www.tecweb.inf.puc-rio.br/ontologies/dr#Vazamento_de_gas_no_3_estágio>, #<["RDFS::Resource", "SWWIKI::WikiPage", "DR::Ideia", "DR::ElementoDeRaciocinio", "RDF::Resource"] http://www.tecweb.inf.puc-rio.br/ontologies/dr#Danos_no_selo_de_gas_primario_do_compr_e_baixa>, #<["RDFS::Resource", "SWWIKI::WikiPage", "DR::Ideia", "DR::ElementoDeRaciocinio", "RDF::Resource"] http://www.tecweb.inf.puc-rio.br/ontologies/dr#Falta_de_selos_sobressalentes>, #<["RDFS::Resource", "SWWIKI::WikiPage", "DR::Ideia", "DR::ElementoDeRaciocinio", "RDF::Resource"] http://www.tecweb.inf.puc-rio.br/ontologies/dr#Vibracao_excessiva_do_compressor>]
ADD TRIPLE: http://www.tecweb.inf.puc-rio.br/ontologies/dr#Causa_de_indisponibilidade_de_TC http://www.tecweb.inf.puc-rio.br/ontologies/swwiki#ehRespondidaPor http://www.tecweb.inf.puc-rio.br/ontologies/dr#Vazamento_de_gas_no_1_e_2_estagio
	RESOURCE CREATED FOR SUBJECT: http://www.tecweb.inf.puc-rio.br/ontologies/dr#Causa_de_indisponibilidade_de_TC
OBJECT IS A RESOURCE? 1
	RESOURCE CREATED FOR PREDICATE: http://www.tecweb.inf.puc-rio.br/ontologies/swwiki#ehRespondidaPor
	OBJECTS FOR SUBJECT AND PREDICATE: [#<["RDFS::Resource", "SWWIKI::WikiPage", "DR::Ideia", "DR::ElementoDeRaciocinio", "RDF::Resource"] http://www.tecweb.inf.puc-rio.br/ontologies/dr#Vazamento_de_gas_no_1_e_2_estagio>, #<["RDFS::Resource", "SWWIKI::WikiPage", "DR::Ideia", "DR::ElementoDeRaciocinio", "RDF::Resource"] http://www.tecweb.inf.puc-rio.br/ontologies/dr#Vazamento_de_gas_no_3_estágio>, #<["RDFS::Resource", "SWWIKI::WikiPage", "DR::Ideia", "DR::ElementoDeRaciocinio", "RDF::Resource"] http://www.tecweb.inf.puc-rio.br/ontologies/dr#Danos_no_selo_de_gas_primario_do_compr_e_baixa>, #<["RDFS::Resource", "SWWIKI::WikiPage", "DR::Ideia", "DR::ElementoDeRaciocinio", "RDF::Resource"] http://www.tecweb.inf.puc-rio.br/ontologies/dr#Falta_de_selos_sobressalentes>, #<["RDFS::Resource", "SWWIKI::WikiPage", "DR::Ideia", "DR::ElementoDeRaciocinio", "RDF::Resource"] http://www.tecweb.inf.puc-rio.br/ontologies/dr#Vibracao_excessiva_do_compressor>]
ADD TRIPLE: http://www.tecweb.inf.puc-rio.br/ontologies/dr#Causa_de_indisponibilidade_de_TC http://www.tecweb.inf.puc-rio.br/ontologies/swwiki#ehRespondidaPor http://www.tecweb.inf.puc-rio.br/ontologies/dr#Vazamento_de_gas_no_3_estágio
	RESOURCE CREATED FOR SUBJECT: http://www.tecweb.inf.puc-rio.br/ontologies/dr#Causa_de_indisponibilidade_de_TC
OBJECT IS A RESOURCE? 1
	RESOURCE CREATED FOR PREDICATE: http://www.tecweb.inf.puc-rio.br/ontologies/swwiki#ehRespondidaPor
	OBJECTS FOR SUBJECT AND PREDICATE: [#<["RDFS::Resource", "SWWIKI::WikiPage", "DR::Ideia", "DR::ElementoDeRaciocinio", "RDF::Resource"] http://www.tecweb.inf.puc-rio.br/ontologies/dr#Vazamento_de_gas_no_1_e_2_estagio>, #<["RDFS::Resource", "SWWIKI::WikiPage", "DR::Ideia", "DR::ElementoDeRaciocinio", "RDF::Resource"] http://www.tecweb.inf.puc-rio.br/ontologies/dr#Vazamento_de_gas_no_3_estágio>, #<["RDFS::Resource", "SWWIKI::WikiPage", "DR::Ideia", "DR::ElementoDeRaciocinio", "RDF::Resource"] http://www.tecweb.inf.puc-rio.br/ontologies/dr#Danos_no_selo_de_gas_primario_do_compr_e_baixa>, #<["RDFS::Resource", "SWWIKI::WikiPage", "DR::Ideia", "DR::ElementoDeRaciocinio", "RDF::Resource"] http://www.tecweb.inf.puc-rio.br/ontologies/dr#Falta_de_selos_sobressalentes>, #<["RDFS::Resource", "SWWIKI::WikiPage", "DR::Ideia", "DR::ElementoDeRaciocinio", "RDF::Resource"] http://www.tecweb.inf.puc-rio.br/ontologies/dr#Vibracao_excessiva_do_compressor>]
ADD TRIPLE: http://www.tecweb.inf.puc-rio.br/ontologies/dr#Causa_de_indisponibilidade_de_TC http://www.tecweb.inf.puc-rio.br/ontologies/swwiki#ehRespondidaPor http://www.tecweb.inf.puc-rio.br/ontologies/dr#Danos_no_selo_de_gas_primario_do_compr_e_baixa
	RESOURCE CREATED FOR SUBJECT: http://www.tecweb.inf.puc-rio.br/ontologies/dr#Causa_de_indisponibilidade_de_TC
OBJECT IS A RESOURCE? 1
	RESOURCE CREATED FOR PREDICATE: http://www.tecweb.inf.puc-rio.br/ontologies/swwiki#ehRespondidaPor
	OBJECTS FOR SUBJECT AND PREDICATE: [#<["RDFS::Resource", "SWWIKI::WikiPage", "DR::Ideia", "DR::ElementoDeRaciocinio", "RDF::Resource"] http://www.tecweb.inf.puc-rio.br/ontologies/dr#Vazamento_de_gas_no_1_e_2_estagio>, #<["RDFS::Resource", "SWWIKI::WikiPage", "DR::Ideia", "DR::ElementoDeRaciocinio", "RDF::Resource"] http://www.tecweb.inf.puc-rio.br/ontologies/dr#Vazamento_de_gas_no_3_estágio>, #<["RDFS::Resource", "SWWIKI::WikiPage", "DR::Ideia", "DR::ElementoDeRaciocinio", "RDF::Resource"] http://www.tecweb.inf.puc-rio.br/ontologies/dr#Danos_no_selo_de_gas_primario_do_compr_e_baixa>, #<["RDFS::Resource", "SWWIKI::WikiPage", "DR::Ideia", "DR::ElementoDeRaciocinio", "RDF::Resource"] http://www.tecweb.inf.puc-rio.br/ontologies/dr#Falta_de_selos_sobressalentes>, #<["RDFS::Resource", "SWWIKI::WikiPage", "DR::Ideia", "DR::ElementoDeRaciocinio", "RDF::Resource"] http://www.tecweb.inf.puc-rio.br/ontologies/dr#Vibracao_excessiva_do_compressor>]
ADD TRIPLE: http://www.tecweb.inf.puc-rio.br/ontologies/dr#Causa_de_indisponibilidade_de_TC http://www.tecweb.inf.puc-rio.br/ontologies/swwiki#ehRespondidaPor http://www.tecweb.inf.puc-rio.br/ontologies/dr#Falta_de_selos_sobressalentes
	RESOURCE CREATED FOR SUBJECT: http://www.tecweb.inf.puc-rio.br/ontologies/dr#Causa_de_indisponibilidade_de_TC
OBJECT IS A RESOURCE? 1
	RESOURCE CREATED FOR PREDICATE: http://www.tecweb.inf.puc-rio.br/ontologies/swwiki#ehRespondidaPor
	OBJECTS FOR SUBJECT AND PREDICATE: [#<["RDFS::Resource", "SWWIKI::WikiPage", "DR::Ideia", "DR::ElementoDeRaciocinio", "RDF::Resource"] http://www.tecweb.inf.puc-rio.br/ontologies/dr#Vazamento_de_gas_no_1_e_2_estagio>, #<["RDFS::Resource", "SWWIKI::WikiPage", "DR::Ideia", "DR::ElementoDeRaciocinio", "RDF::Resource"] http://www.tecweb.inf.puc-rio.br/ontologies/dr#Vazamento_de_gas_no_3_estágio>, #<["RDFS::Resource", "SWWIKI::WikiPage", "DR::Ideia", "DR::ElementoDeRaciocinio", "RDF::Resource"] http://www.tecweb.inf.puc-rio.br/ontologies/dr#Danos_no_selo_de_gas_primario_do_compr_e_baixa>, #<["RDFS::Resource", "SWWIKI::WikiPage", "DR::Ideia", "DR::ElementoDeRaciocinio", "RDF::Resource"] http://www.tecweb.inf.puc-rio.br/ontologies/dr#Falta_de_selos_sobressalentes>, #<["RDFS::Resource", "SWWIKI::WikiPage", "DR::Ideia", "DR::ElementoDeRaciocinio", "RDF::Resource"] http://www.tecweb.inf.puc-rio.br/ontologies/dr#Vibracao_excessiva_do_compressor>]
ADD TRIPLE: http://www.tecweb.inf.puc-rio.br/ontologies/dr#Causa_de_indisponibilidade_de_TC http://www.tecweb.inf.puc-rio.br/ontologies/swwiki#ehRespondidaPor http://www.tecweb.inf.puc-rio.br/ontologies/dr#Vibracao_excessiva_do_compressor
	RESOURCE CREATED FOR SUBJECT: http://www.tecweb.inf.puc-rio.br/ontologies/dr#Causa_de_indisponibilidade_de_TC
OBJECT IS A RESOURCE? 1
	RESOURCE CREATED FOR PREDICATE: http://www.tecweb.inf.puc-rio.br/ontologies/swwiki#ehRespondidaPor
	OBJECTS FOR SUBJECT AND PREDICATE: [#<["RDFS::Resource", "SWWIKI::WikiPage", "DR::Ideia", "DR::ElementoDeRaciocinio", "RDF::Resource"] http://www.tecweb.inf.puc-rio.br/ontologies/dr#Vazamento_de_gas_no_1_e_2_estagio>, #<["RDFS::Resource", "SWWIKI::WikiPage", "DR::Ideia", "DR::ElementoDeRaciocinio", "RDF::Resource"] http://www.tecweb.inf.puc-rio.br/ontologies/dr#Vazamento_de_gas_no_3_estágio>, #<["RDFS::Resource", "SWWIKI::WikiPage", "DR::Ideia", "DR::ElementoDeRaciocinio", "RDF::Resource"] http://www.tecweb.inf.puc-rio.br/ontologies/dr#Danos_no_selo_de_gas_primario_do_compr_e_baixa>, #<["RDFS::Resource", "SWWIKI::WikiPage", "DR::Ideia", "DR::ElementoDeRaciocinio", "RDF::Resource"] http://www.tecweb.inf.puc-rio.br/ontologies/dr#Falta_de_selos_sobressalentes>, #<["RDFS::Resource", "SWWIKI::WikiPage", "DR::Ideia", "DR::ElementoDeRaciocinio", "RDF::Resource"] http://www.tecweb.inf.puc-rio.br/ontologies/dr#Vibracao_excessiva_do_compressor>]
