GENERATING RDFA H1 FOR: http://www.tecweb.inf.puc-rio.br/ontologies/dr#Como_medir_a_pressao_no_fundo_do_poco
LABEL: Como medir a pressão no fundo do poço?
PROPERTY GENERATED: <span property="swwiki:wikiLabel">Como medir a pressão no fundo do poço?</span>
SAME AS: []
EMPTY ?: true
NIl ?: false
Result ?: <h1><span property="swwiki:wikiLabel">Como medir a pressão no fundo do poço?</span></h1> 
      URI: (<a href="http://www.tecweb.inf.puc-rio.br/ontologies/dr#Como_medir_a_pressao_no_fundo_do_poco" title="Open dbpedia ref in a new tab" target="_blank">http://www.tecweb.inf.puc-rio.br/ontologies/dr#Como_medir_a_pressao_no_fundo_do_poco</a>)
    
GENERATING RDFA H1 FOR: http://www.tecweb.inf.puc-rio.br/ontologies/dr#Como_medir_a_pressao_no_fundo_do_poco
LABEL: Como medir a pressão no fundo do poço?
PROPERTY GENERATED: <span property="swwiki:wikiLabel">Como medir a pressão no fundo do poço?</span>
SAME AS: []
EMPTY ?: true
NIl ?: false
Result ?: <h1><span property="swwiki:wikiLabel">Como medir a pressão no fundo do poço?</span></h1> 
      URI: (<a href="http://www.tecweb.inf.puc-rio.br/ontologies/dr#Como_medir_a_pressao_no_fundo_do_poco" title="Open dbpedia ref in a new tab" target="_blank">http://www.tecweb.inf.puc-rio.br/ontologies/dr#Como_medir_a_pressao_no_fundo_do_poco</a>)
    
GENERATING RDFA H1 FOR: http://sr#o_Oquedeveserfeitoquan_66b3
LABEL: O que deve ser feito quando o validador não está de acordo com a determinação do tipo de item de conhecimento?
PROPERTY GENERATED: <span property="swwiki:wikiLabel">O que deve ser feito quando o validador não está de acordo com a determinação do tipo de item de conhecimento?</span>
SAME AS: []
EMPTY ?: true
NIl ?: false
Result ?: <h1><span property="swwiki:wikiLabel">O que deve ser feito quando o validador não está de acordo com a determinação do tipo de item de conhecimento?</span></h1> 
      URI: (<a href="http://sr#o_Oquedeveserfeitoquan_66b3" title="Open dbpedia ref in a new tab" target="_blank">http://sr#o_Oquedeveserfeitoquan_66b3</a>)
    
GENERATING RDFA H1 FOR: http://www.tecweb.inf.puc-rio.br/ontologies/dr#Como_medir_a_pressao_no_fundo_do_poco
LABEL: Como medir a pressão no fundo do poço?
PROPERTY GENERATED: <span property="swwiki:wikiLabel">Como medir a pressão no fundo do poço?</span>
SAME AS: []
EMPTY ?: true
NIl ?: false
Result ?: <h1><span property="swwiki:wikiLabel">Como medir a pressão no fundo do poço?</span></h1> 
      URI: (<a href="http://www.tecweb.inf.puc-rio.br/ontologies/dr#Como_medir_a_pressao_no_fundo_do_poco" title="Open dbpedia ref in a new tab" target="_blank">http://www.tecweb.inf.puc-rio.br/ontologies/dr#Como_medir_a_pressao_no_fundo_do_poco</a>)
    
GENERATING RDFA H1 FOR: http://sr#o_Oquedeveserfeitoquan_66b3
LABEL: O que deve ser feito quando o validador não está de acordo com a determinação do tipo de item de conhecimento?
PROPERTY GENERATED: <span property="swwiki:wikiLabel">O que deve ser feito quando o validador não está de acordo com a determinação do tipo de item de conhecimento?</span>
SAME AS: []
EMPTY ?: true
NIl ?: false
Result ?: <h1><span property="swwiki:wikiLabel">O que deve ser feito quando o validador não está de acordo com a determinação do tipo de item de conhecimento?</span></h1> 
      URI: (<a href="http://sr#o_Oquedeveserfeitoquan_66b3" title="Open dbpedia ref in a new tab" target="_blank">http://sr#o_Oquedeveserfeitoquan_66b3</a>)
    
GENERATING RDFA H1 FOR: http://www.tecweb.inf.puc-rio.br/ontologies/dr#Como_medir_a_pressao_no_fundo_do_poco
LABEL: Como medir a pressão no fundo do poço?
PROPERTY GENERATED: <span property="swwiki:wikiLabel">Como medir a pressão no fundo do poço?</span>
SAME AS: []
EMPTY ?: true
NIl ?: false
Result ?: <h1><span property="swwiki:wikiLabel">Como medir a pressão no fundo do poço?</span></h1> 
      URI: (<a href="http://www.tecweb.inf.puc-rio.br/ontologies/dr#Como_medir_a_pressao_no_fundo_do_poco" title="Open dbpedia ref in a new tab" target="_blank">http://www.tecweb.inf.puc-rio.br/ontologies/dr#Como_medir_a_pressao_no_fundo_do_poco</a>)
    
GENERATING RDFA H1 FOR: http://www.tecweb.inf.puc-rio.br/ontologies/dr#Como_medir_a_pressao_no_fundo_do_poco
LABEL: Como medir a pressão no fundo do poço?
PROPERTY GENERATED: <span property="swwiki:wikiLabel">Como medir a pressão no fundo do poço?</span>
SAME AS: []
EMPTY ?: true
NIl ?: false
Result ?: <h1><span property="swwiki:wikiLabel">Como medir a pressão no fundo do poço?</span></h1> 
      URI: (<a href="http://www.tecweb.inf.puc-rio.br/ontologies/dr#Como_medir_a_pressao_no_fundo_do_poco" title="Open dbpedia ref in a new tab" target="_blank">http://www.tecweb.inf.puc-rio.br/ontologies/dr#Como_medir_a_pressao_no_fundo_do_poco</a>)
    
GENERATING RDFA H1 FOR: http://www.tecweb.inf.puc-rio.br/ontologies/dr#Como_medir_a_pressao_no_fundo_do_poco
LABEL: Como medir a pressão no fundo do poço?
PROPERTY GENERATED: <span property="swwiki:wikiLabel">Como medir a pressão no fundo do poço?</span>
SAME AS: []
EMPTY ?: true
NIl ?: false
Result ?: <h1><span property="swwiki:wikiLabel">Como medir a pressão no fundo do poço?</span></h1> 
      URI: (<a href="http://www.tecweb.inf.puc-rio.br/ontologies/dr#Como_medir_a_pressao_no_fundo_do_poco" title="Open dbpedia ref in a new tab" target="_blank">http://www.tecweb.inf.puc-rio.br/ontologies/dr#Como_medir_a_pressao_no_fundo_do_poco</a>)
    
GENERATING RDFA H1 FOR: http://www.tecweb.inf.puc-rio.br/ontologies/dr#Como_medir_a_pressao_no_fundo_do_poco
LABEL: Como medir a pressão no fundo do poço?
PROPERTY GENERATED: <span property="swwiki:wikiLabel">Como medir a pressão no fundo do poço?</span>
SAME AS: []
EMPTY ?: true
NIl ?: false
Result ?: <h1><span property="swwiki:wikiLabel">Como medir a pressão no fundo do poço?</span></h1> 
      URI: (<a href="http://www.tecweb.inf.puc-rio.br/ontologies/dr#Como_medir_a_pressao_no_fundo_do_poco" title="Open dbpedia ref in a new tab" target="_blank">http://www.tecweb.inf.puc-rio.br/ontologies/dr#Como_medir_a_pressao_no_fundo_do_poco</a>)
    
GENERATING RDFA H1 FOR: http://www.tecweb.inf.puc-rio.br/ontologies/dr#Como_medir_a_pressao_no_fundo_do_poco
LABEL: Como medir a pressão no fundo do poço?
PROPERTY GENERATED: <span property="swwiki:wikiLabel">Como medir a pressão no fundo do poço?</span>
SAME AS: []
EMPTY ?: true
NIl ?: false
Result ?: <h1><span property="swwiki:wikiLabel">Como medir a pressão no fundo do poço?</span></h1> 
      URI: (<a href="http://www.tecweb.inf.puc-rio.br/ontologies/dr#Como_medir_a_pressao_no_fundo_do_poco" title="Open dbpedia ref in a new tab" target="_blank">http://www.tecweb.inf.puc-rio.br/ontologies/dr#Como_medir_a_pressao_no_fundo_do_poco</a>)
    
GENERATING RDFA H1 FOR: http://www.tecweb.inf.puc-rio.br/ontologies/dr#Como_injetar_agua_para_recuperacao_secundariade_petroleo_em_Albacora
LABEL: Como injetar água para recuperação secundária de petróleo em Albacora?
PROPERTY GENERATED: <span property="swwiki:wikiLabel">Como injetar água para recuperação secundária de petróleo em Albacora?</span>
SAME AS: []
EMPTY ?: true
NIl ?: false
Result ?: <h1><span property="swwiki:wikiLabel">Como injetar água para recuperação secundária de petróleo em Albacora?</span></h1> 
      URI: (<a href="http://www.tecweb.inf.puc-rio.br/ontologies/dr#Como_injetar_agua_para_recuperacao_secundariade_petroleo_em_Albacora" title="Open dbpedia ref in a new tab" target="_blank">http://www.tecweb.inf.puc-rio.br/ontologies/dr#Como_injetar_agua_para_recuperacao_secundariade_petroleo_em_Albacora</a>)
    
GENERATING RDFA H1 FOR: http://www.tecweb.inf.puc-rio.br/ontologies/dr#Como_injetar_agua_para_recuperacao_secundariade_petroleo_em_Albacora
LABEL: Como injetar água para recuperação secundária de petróleo em Albacora?
PROPERTY GENERATED: <span property="swwiki:wikiLabel">Como injetar água para recuperação secundária de petróleo em Albacora?</span>
SAME AS: []
EMPTY ?: true
NIl ?: false
Result ?: <h1><span property="swwiki:wikiLabel">Como injetar água para recuperação secundária de petróleo em Albacora?</span></h1> 
      URI: (<a href="http://www.tecweb.inf.puc-rio.br/ontologies/dr#Como_injetar_agua_para_recuperacao_secundariade_petroleo_em_Albacora" title="Open dbpedia ref in a new tab" target="_blank">http://www.tecweb.inf.puc-rio.br/ontologies/dr#Como_injetar_agua_para_recuperacao_secundariade_petroleo_em_Albacora</a>)
    
GENERATING RDFA H1 FOR: http://www.tecweb.inf.puc-rio.br/ontologies/dr#Como_injetar_agua_para_recuperacao_secundariade_petroleo_em_Albacora
LABEL: Como injetar água para recuperação secundária de petróleo em Albacora?
PROPERTY GENERATED: <span property="swwiki:wikiLabel">Como injetar água para recuperação secundária de petróleo em Albacora?</span>
SAME AS: []
EMPTY ?: true
NIl ?: false
Result ?: <h1><span property="swwiki:wikiLabel">Como injetar água para recuperação secundária de petróleo em Albacora?</span></h1> 
      URI: (<a href="http://www.tecweb.inf.puc-rio.br/ontologies/dr#Como_injetar_agua_para_recuperacao_secundariade_petroleo_em_Albacora" title="Open dbpedia ref in a new tab" target="_blank">http://www.tecweb.inf.puc-rio.br/ontologies/dr#Como_injetar_agua_para_recuperacao_secundariade_petroleo_em_Albacora</a>)
    
GENERATING RDFA H1 FOR: http://www.tecweb.inf.puc-rio.br/ontologies/dr#Como_injetar_agua_para_recuperacao_secundariade_petroleo_em_Albacora
LABEL: Como injetar água para recuperação secundária de petróleo em Albacora?
PROPERTY GENERATED: <span property="swwiki:wikiLabel">Como injetar água para recuperação secundária de petróleo em Albacora?</span>
SAME AS: []
EMPTY ?: true
NIl ?: false
Result ?: <h1><span property="swwiki:wikiLabel">Como injetar água para recuperação secundária de petróleo em Albacora?</span></h1> 
      URI: (<a href="http://www.tecweb.inf.puc-rio.br/ontologies/dr#Como_injetar_agua_para_recuperacao_secundariade_petroleo_em_Albacora" title="Open dbpedia ref in a new tab" target="_blank">http://www.tecweb.inf.puc-rio.br/ontologies/dr#Como_injetar_agua_para_recuperacao_secundariade_petroleo_em_Albacora</a>)
    
GENERATING RDFA H1 FOR: http://www.tecweb.inf.puc-rio.br/ontologies/dr#Como_avaliar_a_variacao_de_injetividade
LABEL: Como avaliar a variação de injetividade?
PROPERTY GENERATED: <span property="swwiki:wikiLabel">Como avaliar a variação de injetividade?</span>
SAME AS: []
EMPTY ?: true
NIl ?: false
Result ?: <h1><span property="swwiki:wikiLabel">Como avaliar a variação de injetividade?</span></h1> 
      URI: (<a href="http://www.tecweb.inf.puc-rio.br/ontologies/dr#Como_avaliar_a_variacao_de_injetividade" title="Open dbpedia ref in a new tab" target="_blank">http://www.tecweb.inf.puc-rio.br/ontologies/dr#Como_avaliar_a_variacao_de_injetividade</a>)
    
GENERATING RDFA H1 FOR: http://www.tecweb.inf.puc-rio.br/ontologies/dr#Causa_de_indisponibilidade_de_TC
LABEL: Causa de indisponibilidade de TC?
PROPERTY GENERATED: <span property="swwiki:wikiLabel">Causa de indisponibilidade de TC?</span>
SAME AS: []
EMPTY ?: true
NIl ?: false
Result ?: <h1><span property="swwiki:wikiLabel">Causa de indisponibilidade de TC?</span></h1> 
      URI: (<a href="http://www.tecweb.inf.puc-rio.br/ontologies/dr#Causa_de_indisponibilidade_de_TC" title="Open dbpedia ref in a new tab" target="_blank">http://www.tecweb.inf.puc-rio.br/ontologies/dr#Causa_de_indisponibilidade_de_TC</a>)
    
GENERATING RDFA H1 FOR: http://www.tecweb.inf.puc-rio.br/ontologies/dr#Quebra_de_Compressor
LABEL: Quebra de Compressor?
PROPERTY GENERATED: <span property="swwiki:wikiLabel">Quebra de Compressor?</span>
SAME AS: []
EMPTY ?: true
NIl ?: false
Result ?: <h1><span property="swwiki:wikiLabel">Quebra de Compressor?</span></h1> 
      URI: (<a href="http://www.tecweb.inf.puc-rio.br/ontologies/dr#Quebra_de_Compressor" title="Open dbpedia ref in a new tab" target="_blank">http://www.tecweb.inf.puc-rio.br/ontologies/dr#Quebra_de_Compressor</a>)
    
GENERATING RDFA H1 FOR: http://www.tecweb.inf.puc-rio.br/ontologies/dr#Quebra_de_Compressor
LABEL: Quebra de Compressor?
PROPERTY GENERATED: <span property="swwiki:wikiLabel">Quebra de Compressor?</span>
SAME AS: []
EMPTY ?: true
NIl ?: false
Result ?: <h1><span property="swwiki:wikiLabel">Quebra de Compressor?</span></h1> 
      URI: (<a href="http://www.tecweb.inf.puc-rio.br/ontologies/dr#Quebra_de_Compressor" title="Open dbpedia ref in a new tab" target="_blank">http://www.tecweb.inf.puc-rio.br/ontologies/dr#Quebra_de_Compressor</a>)
    
GENERATING RDFA H1 FOR: http://www.tecweb.inf.puc-rio.br/ontologies/dr#Como_usar_esta_tecnica
LABEL: Como usar esta técnica?
PROPERTY GENERATED: <span property="swwiki:wikiLabel">Como usar esta técnica?</span>
SAME AS: []
EMPTY ?: true
NIl ?: false
Result ?: <h1><span property="swwiki:wikiLabel">Como usar esta técnica?</span></h1> 
      URI: (<a href="http://www.tecweb.inf.puc-rio.br/ontologies/dr#Como_usar_esta_tecnica" title="Open dbpedia ref in a new tab" target="_blank">http://www.tecweb.inf.puc-rio.br/ontologies/dr#Como_usar_esta_tecnica</a>)
    
GENERATING RDFA H1 FOR: http://www.tecweb.inf.puc-rio.br/ontologies/dr#Como_medir_a_pressao_no_fundo_do_poco
LABEL: Como medir a pressão no fundo do poço?
PROPERTY GENERATED: <span property="swwiki:wikiLabel">Como medir a pressão no fundo do poço?</span>
SAME AS: []
EMPTY ?: true
NIl ?: false
Result ?: <h1><span property="swwiki:wikiLabel">Como medir a pressão no fundo do poço?</span></h1> 
      URI: (<a href="http://www.tecweb.inf.puc-rio.br/ontologies/dr#Como_medir_a_pressao_no_fundo_do_poco" title="Open dbpedia ref in a new tab" target="_blank">http://www.tecweb.inf.puc-rio.br/ontologies/dr#Como_medir_a_pressao_no_fundo_do_poco</a>)
    
GENERATING RDFA H1 FOR: http://www.tecweb.inf.puc-rio.br/ontologies/dr#Como_injetar_agua_para_recuperacao_secundariade_petroleo_em_Albacora
LABEL: Como injetar água para recuperação secundária de petróleo em Albacora?
PROPERTY GENERATED: <span property="swwiki:wikiLabel">Como injetar água para recuperação secundária de petróleo em Albacora?</span>
SAME AS: []
EMPTY ?: true
NIl ?: false
Result ?: <h1><span property="swwiki:wikiLabel">Como injetar água para recuperação secundária de petróleo em Albacora?</span></h1> 
      URI: (<a href="http://www.tecweb.inf.puc-rio.br/ontologies/dr#Como_injetar_agua_para_recuperacao_secundariade_petroleo_em_Albacora" title="Open dbpedia ref in a new tab" target="_blank">http://www.tecweb.inf.puc-rio.br/ontologies/dr#Como_injetar_agua_para_recuperacao_secundariade_petroleo_em_Albacora</a>)
    
GENERATING RDFA H1 FOR: http://www.tecweb.inf.puc-rio.br/ontologies/dr#Como_avaliar_a_variacao_de_injetividade
LABEL: Como avaliar a variação de injetividade?
PROPERTY GENERATED: <span property="swwiki:wikiLabel">Como avaliar a variação de injetividade?</span>
SAME AS: []
EMPTY ?: true
NIl ?: false
Result ?: <h1><span property="swwiki:wikiLabel">Como avaliar a variação de injetividade?</span></h1> 
      URI: (<a href="http://www.tecweb.inf.puc-rio.br/ontologies/dr#Como_avaliar_a_variacao_de_injetividade" title="Open dbpedia ref in a new tab" target="_blank">http://www.tecweb.inf.puc-rio.br/ontologies/dr#Como_avaliar_a_variacao_de_injetividade</a>)
    
GENERATING RDFA H1 FOR: http://www.tecweb.inf.puc-rio.br/ontologies/dr#Como_usar_esta_tecnica
LABEL: Como usar esta técnica?
PROPERTY GENERATED: <span property="swwiki:wikiLabel">Como usar esta técnica?</span>
SAME AS: []
EMPTY ?: true
NIl ?: false
Result ?: <h1><span property="swwiki:wikiLabel">Como usar esta técnica?</span></h1> 
      URI: (<a href="http://www.tecweb.inf.puc-rio.br/ontologies/dr#Como_usar_esta_tecnica" title="Open dbpedia ref in a new tab" target="_blank">http://www.tecweb.inf.puc-rio.br/ontologies/dr#Como_usar_esta_tecnica</a>)
    
GENERATING RDFA H1 FOR: http://www.tecweb.inf.puc-rio.br/ontologies/dr#Como_usar_esta_tecnica2
LABEL: Como usar esta técnica?
PROPERTY GENERATED: <span property="swwiki:wikiLabel">Como usar esta técnica?</span>
SAME AS: []
EMPTY ?: true
NIl ?: false
Result ?: <h1><span property="swwiki:wikiLabel">Como usar esta técnica?</span></h1> 
      URI: (<a href="http://www.tecweb.inf.puc-rio.br/ontologies/dr#Como_usar_esta_tecnica2" title="Open dbpedia ref in a new tab" target="_blank">http://www.tecweb.inf.puc-rio.br/ontologies/dr#Como_usar_esta_tecnica2</a>)
    
GENERATING RDFA H1 FOR: http://www.tecweb.inf.puc-rio.br/ontologies/dr#Como_usar_esta_tecnica2
LABEL: Como usar esta técnica?
PROPERTY GENERATED: <span property="swwiki:wikiLabel">Como usar esta técnica?</span>
SAME AS: []
EMPTY ?: true
NIl ?: false
Result ?: <h1><span property="swwiki:wikiLabel">Como usar esta técnica?</span></h1> 
      URI: (<a href="http://www.tecweb.inf.puc-rio.br/ontologies/dr#Como_usar_esta_tecnica2" title="Open dbpedia ref in a new tab" target="_blank">http://www.tecweb.inf.puc-rio.br/ontologies/dr#Como_usar_esta_tecnica2</a>)
    
GENERATING RDFA H1 FOR: http://www.tecweb.inf.puc-rio.br/ontologies/dr#Como_usar_esta_tecnica
LABEL: Como usar esta técnica?
PROPERTY GENERATED: <span property="swwiki:wikiLabel">Como usar esta técnica?</span>
SAME AS: []
EMPTY ?: true
NIl ?: false
Result ?: <h1><span property="swwiki:wikiLabel">Como usar esta técnica?</span></h1> 
      URI: (<a href="http://www.tecweb.inf.puc-rio.br/ontologies/dr#Como_usar_esta_tecnica" title="Open dbpedia ref in a new tab" target="_blank">http://www.tecweb.inf.puc-rio.br/ontologies/dr#Como_usar_esta_tecnica</a>)
    
GENERATING RDFA H1 FOR: http://www.tecweb.inf.puc-rio.br/ontologies/dr#Causa_de_indisponibilidade_de_TC
LABEL: Causa de indisponibilidade de TC?
PROPERTY GENERATED: <span property="swwiki:wikiLabel">Causa de indisponibilidade de TC?</span>
SAME AS: []
EMPTY ?: true
NIl ?: false
Result ?: <h1><span property="swwiki:wikiLabel">Causa de indisponibilidade de TC?</span></h1> 
      URI: (<a href="http://www.tecweb.inf.puc-rio.br/ontologies/dr#Causa_de_indisponibilidade_de_TC" title="Open dbpedia ref in a new tab" target="_blank">http://www.tecweb.inf.puc-rio.br/ontologies/dr#Causa_de_indisponibilidade_de_TC</a>)
    
GENERATING RDFA H1 FOR: http://www.tecweb.inf.puc-rio.br/ontologies/dr#Causa_de_indisponibilidade_de_TC
LABEL: Causa de indisponibilidade de TC?
PROPERTY GENERATED: <span property="swwiki:wikiLabel">Causa de indisponibilidade de TC?</span>
SAME AS: []
EMPTY ?: true
NIl ?: false
Result ?: <h1><span property="swwiki:wikiLabel">Causa de indisponibilidade de TC?</span></h1> 
      URI: (<a href="http://www.tecweb.inf.puc-rio.br/ontologies/dr#Causa_de_indisponibilidade_de_TC" title="Open dbpedia ref in a new tab" target="_blank">http://www.tecweb.inf.puc-rio.br/ontologies/dr#Causa_de_indisponibilidade_de_TC</a>)
    
GENERATING RDFA H1 FOR: http://www.tecweb.inf.puc-rio.br/ontologies/dr#Causa_de_indisponibilidade_de_TC
LABEL: Causa de indisponibilidade de TC?
PROPERTY GENERATED: <span property="swwiki:wikiLabel">Causa de indisponibilidade de TC?</span>
SAME AS: []
EMPTY ?: true
NIl ?: false
Result ?: <h1><span property="swwiki:wikiLabel">Causa de indisponibilidade de TC?</span></h1> 
      URI: (<a href="http://www.tecweb.inf.puc-rio.br/ontologies/dr#Causa_de_indisponibilidade_de_TC" title="Open dbpedia ref in a new tab" target="_blank">http://www.tecweb.inf.puc-rio.br/ontologies/dr#Causa_de_indisponibilidade_de_TC</a>)
    
GENERATING RDFA H1 FOR: http://www.tecweb.inf.puc-rio.br/ontologies/dr#Quebra_de_Compressor
LABEL: Quebra de Compressor?
PROPERTY GENERATED: <span property="swwiki:wikiLabel">Quebra de Compressor?</span>
SAME AS: []
EMPTY ?: true
NIl ?: false
Result ?: <h1><span property="swwiki:wikiLabel">Quebra de Compressor?</span></h1> 
      URI: (<a href="http://www.tecweb.inf.puc-rio.br/ontologies/dr#Quebra_de_Compressor" title="Open dbpedia ref in a new tab" target="_blank">http://www.tecweb.inf.puc-rio.br/ontologies/dr#Quebra_de_Compressor</a>)
    
GENERATING RDFA H1 FOR: http://www.tecweb.inf.puc-rio.br/ontologies/dr#Quebra_de_Compressor
LABEL: Quebra de Compressor?
PROPERTY GENERATED: <span property="swwiki:wikiLabel">Quebra de Compressor?</span>
SAME AS: []
EMPTY ?: true
NIl ?: false
Result ?: <h1><span property="swwiki:wikiLabel">Quebra de Compressor?</span></h1> 
      URI: (<a href="http://www.tecweb.inf.puc-rio.br/ontologies/dr#Quebra_de_Compressor" title="Open dbpedia ref in a new tab" target="_blank">http://www.tecweb.inf.puc-rio.br/ontologies/dr#Quebra_de_Compressor</a>)
    
GENERATING RDFA H1 FOR: http://www.tecweb.inf.puc-rio.br/ontologies/dr#Quebra_de_Compressor
LABEL: Quebra de Compressor?
PROPERTY GENERATED: <span property="swwiki:wikiLabel">Quebra de Compressor?</span>
SAME AS: []
EMPTY ?: true
NIl ?: false
Result ?: <h1><span property="swwiki:wikiLabel">Quebra de Compressor?</span></h1> 
      URI: (<a href="http://www.tecweb.inf.puc-rio.br/ontologies/dr#Quebra_de_Compressor" title="Open dbpedia ref in a new tab" target="_blank">http://www.tecweb.inf.puc-rio.br/ontologies/dr#Quebra_de_Compressor</a>)
    
GENERATING RDFA H1 FOR: http://www.tecweb.inf.puc-rio.br/ontologies/dr#Quebra_de_Compressor
LABEL: Quebra de Compressor?
PROPERTY GENERATED: <span property="swwiki:wikiLabel">Quebra de Compressor?</span>
SAME AS: []
EMPTY ?: true
NIl ?: false
Result ?: <h1><span property="swwiki:wikiLabel">Quebra de Compressor?</span></h1> 
      URI: (<a href="http://www.tecweb.inf.puc-rio.br/ontologies/dr#Quebra_de_Compressor" title="Open dbpedia ref in a new tab" target="_blank">http://www.tecweb.inf.puc-rio.br/ontologies/dr#Quebra_de_Compressor</a>)
    
GENERATING RDFA H1 FOR: http://www.tecweb.inf.puc-rio.br/ontologies/dr#Quebra_de_Compressor
LABEL: Quebra de Compressor?
PROPERTY GENERATED: <span property="swwiki:wikiLabel">Quebra de Compressor?</span>
SAME AS: []
EMPTY ?: true
NIl ?: false
Result ?: <h1><span property="swwiki:wikiLabel">Quebra de Compressor?</span></h1> 
      URI: (<a href="http://www.tecweb.inf.puc-rio.br/ontologies/dr#Quebra_de_Compressor" title="Open dbpedia ref in a new tab" target="_blank">http://www.tecweb.inf.puc-rio.br/ontologies/dr#Quebra_de_Compressor</a>)
    
GENERATING RDFA H1 FOR: http://www.tecweb.inf.puc-rio.br/ontologies/dr#Quebra_de_Compressor
LABEL: Quebra de Compressor?
PROPERTY GENERATED: <span property="swwiki:wikiLabel">Quebra de Compressor?</span>
SAME AS: []
EMPTY ?: true
NIl ?: false
Result ?: <h1><span property="swwiki:wikiLabel">Quebra de Compressor?</span></h1> 
      URI: (<a href="http://www.tecweb.inf.puc-rio.br/ontologies/dr#Quebra_de_Compressor" title="Open dbpedia ref in a new tab" target="_blank">http://www.tecweb.inf.puc-rio.br/ontologies/dr#Quebra_de_Compressor</a>)
    
GENERATING RDFA H1 FOR: http://www.tecweb.inf.puc-rio.br/ontologies/dr#Quebra_de_Compressor
LABEL: Quebra de Compressor?
PROPERTY GENERATED: <span property="swwiki:wikiLabel">Quebra de Compressor?</span>
SAME AS: []
EMPTY ?: true
NIl ?: false
Result ?: <h1><span property="swwiki:wikiLabel">Quebra de Compressor?</span></h1> 
      URI: (<a href="http://www.tecweb.inf.puc-rio.br/ontologies/dr#Quebra_de_Compressor" title="Open dbpedia ref in a new tab" target="_blank">http://www.tecweb.inf.puc-rio.br/ontologies/dr#Quebra_de_Compressor</a>)
    
GENERATING RDFA H1 FOR: http://www.tecweb.inf.puc-rio.br/ontologies/dr#Quebra_de_Compressor
LABEL: Quebra de Compressor?
PROPERTY GENERATED: <span property="swwiki:wikiLabel">Quebra de Compressor?</span>
SAME AS: []
EMPTY ?: true
NIl ?: false
Result ?: <h1><span property="swwiki:wikiLabel">Quebra de Compressor?</span></h1> 
      URI: (<a href="http://www.tecweb.inf.puc-rio.br/ontologies/dr#Quebra_de_Compressor" title="Open dbpedia ref in a new tab" target="_blank">http://www.tecweb.inf.puc-rio.br/ontologies/dr#Quebra_de_Compressor</a>)
    
GENERATING RDFA H1 FOR: http://www.tecweb.inf.puc-rio.br/ontologies/dr#Quebra_de_Compressor
LABEL: Quebra de Compressor?
PROPERTY GENERATED: <span property="swwiki:wikiLabel">Quebra de Compressor?</span>
SAME AS: []
EMPTY ?: true
NIl ?: false
Result ?: <h1><span property="swwiki:wikiLabel">Quebra de Compressor?</span></h1> 
      URI: (<a href="http://www.tecweb.inf.puc-rio.br/ontologies/dr#Quebra_de_Compressor" title="Open dbpedia ref in a new tab" target="_blank">http://www.tecweb.inf.puc-rio.br/ontologies/dr#Quebra_de_Compressor</a>)
    
GENERATING RDFA H1 FOR: http://www.tecweb.inf.puc-rio.br/ontologies/dr#Quebra_de_Compressor
LABEL: Quebra de Compressor?
PROPERTY GENERATED: <span property="swwiki:wikiLabel">Quebra de Compressor?</span>
SAME AS: []
EMPTY ?: true
NIl ?: false
Result ?: <h1><span property="swwiki:wikiLabel">Quebra de Compressor?</span></h1> 
      URI: (<a href="http://www.tecweb.inf.puc-rio.br/ontologies/dr#Quebra_de_Compressor" title="Open dbpedia ref in a new tab" target="_blank">http://www.tecweb.inf.puc-rio.br/ontologies/dr#Quebra_de_Compressor</a>)
    
GENERATING RDFA H1 FOR: http://www.tecweb.inf.puc-rio.br/ontologies/dr#Desprendimento_do_fundo_da_tela_do_filtro_cesto
LABEL: Desprendimento do fundo da tela do filtro cesto
PROPERTY GENERATED: <span property="swwiki:wikiLabel">Desprendimento do fundo da tela do filtro cesto</span>
SAME AS: []
EMPTY ?: true
NIl ?: false
Result ?: <h1><span property="swwiki:wikiLabel">Desprendimento do fundo da tela do filtro cesto</span></h1> 
      URI: (<a href="http://www.tecweb.inf.puc-rio.br/ontologies/dr#Desprendimento_do_fundo_da_tela_do_filtro_cesto" title="Open dbpedia ref in a new tab" target="_blank">http://www.tecweb.inf.puc-rio.br/ontologies/dr#Desprendimento_do_fundo_da_tela_do_filtro_cesto</a>)
    
GENERATING RDFA H1 FOR: http://www.tecweb.inf.puc-rio.br/ontologies/dr#Quebra_de_Compressor
LABEL: Quebra de Compressor?
PROPERTY GENERATED: <span property="swwiki:wikiLabel">Quebra de Compressor?</span>
SAME AS: []
EMPTY ?: true
NIl ?: false
Result ?: <h1><span property="swwiki:wikiLabel">Quebra de Compressor?</span></h1> 
      URI: (<a href="http://www.tecweb.inf.puc-rio.br/ontologies/dr#Quebra_de_Compressor" title="Open dbpedia ref in a new tab" target="_blank">http://www.tecweb.inf.puc-rio.br/ontologies/dr#Quebra_de_Compressor</a>)
    
GENERATING RDFA H1 FOR: http://www.tecweb.inf.puc-rio.br/ontologies/dr#Desprendimento_do_fundo_da_tela_do_filtro_cesto
LABEL: Desprendimento do fundo da tela do filtro cesto
PROPERTY GENERATED: <span property="swwiki:wikiLabel">Desprendimento do fundo da tela do filtro cesto</span>
SAME AS: []
EMPTY ?: true
NIl ?: false
Result ?: <h1><span property="swwiki:wikiLabel">Desprendimento do fundo da tela do filtro cesto</span></h1> 
      URI: (<a href="http://www.tecweb.inf.puc-rio.br/ontologies/dr#Desprendimento_do_fundo_da_tela_do_filtro_cesto" title="Open dbpedia ref in a new tab" target="_blank">http://www.tecweb.inf.puc-rio.br/ontologies/dr#Desprendimento_do_fundo_da_tela_do_filtro_cesto</a>)
    
GENERATING RDFA H1 FOR: http://www.tecweb.inf.puc-rio.br/ontologies/dr#Boroscopia_negativa
LABEL: Boroscopia negativa
PROPERTY GENERATED: <span property="swwiki:wikiLabel">Boroscopia negativa</span>
SAME AS: []
EMPTY ?: true
NIl ?: false
Result ?: <h1><span property="swwiki:wikiLabel">Boroscopia negativa</span></h1> 
      URI: (<a href="http://www.tecweb.inf.puc-rio.br/ontologies/dr#Boroscopia_negativa" title="Open dbpedia ref in a new tab" target="_blank">http://www.tecweb.inf.puc-rio.br/ontologies/dr#Boroscopia_negativa</a>)
    
GENERATING RDFA H1 FOR: http://www.tecweb.inf.puc-rio.br/ontologies/dr#Causa_de_indisponibilidade_de_TC
LABEL: Causa de indisponibilidade de TC?
PROPERTY GENERATED: <span property="swwiki:wikiLabel">Causa de indisponibilidade de TC?</span>
SAME AS: []
EMPTY ?: true
NIl ?: false
Result ?: <h1><span property="swwiki:wikiLabel">Causa de indisponibilidade de TC?</span></h1> 
      URI: (<a href="http://www.tecweb.inf.puc-rio.br/ontologies/dr#Causa_de_indisponibilidade_de_TC" title="Open dbpedia ref in a new tab" target="_blank">http://www.tecweb.inf.puc-rio.br/ontologies/dr#Causa_de_indisponibilidade_de_TC</a>)
    
GENERATING RDFA H1 FOR: http://www.tecweb.inf.puc-rio.br/ontologies/dr#Falta_de_selos_sobressalentes
LABEL: Falta de selos sobressalentes
PROPERTY GENERATED: <span property="swwiki:wikiLabel">Falta de selos sobressalentes</span>
SAME AS: []
EMPTY ?: true
NIl ?: false
Result ?: <h1><span property="swwiki:wikiLabel">Falta de selos sobressalentes</span></h1> 
      URI: (<a href="http://www.tecweb.inf.puc-rio.br/ontologies/dr#Falta_de_selos_sobressalentes" title="Open dbpedia ref in a new tab" target="_blank">http://www.tecweb.inf.puc-rio.br/ontologies/dr#Falta_de_selos_sobressalentes</a>)
    
GENERATING RDFA H1 FOR: http://www.tecweb.inf.puc-rio.br/ontologies/dr#Causa_de_indisponibilidade_de_TC
LABEL: Causa de indisponibilidade de TC?
PROPERTY GENERATED: <span property="swwiki:wikiLabel">Causa de indisponibilidade de TC?</span>
SAME AS: []
EMPTY ?: true
NIl ?: false
Result ?: <h1><span property="swwiki:wikiLabel">Causa de indisponibilidade de TC?</span></h1> 
      URI: (<a href="http://www.tecweb.inf.puc-rio.br/ontologies/dr#Causa_de_indisponibilidade_de_TC" title="Open dbpedia ref in a new tab" target="_blank">http://www.tecweb.inf.puc-rio.br/ontologies/dr#Causa_de_indisponibilidade_de_TC</a>)
    
GENERATING RDFA H1 FOR: http://www.tecweb.inf.puc-rio.br/ontologies/dr#Causa_de_indisponibilidade_de_TC
LABEL: Causa de indisponibilidade de TC?
PROPERTY GENERATED: <span property="swwiki:wikiLabel">Causa de indisponibilidade de TC?</span>
SAME AS: []
EMPTY ?: true
NIl ?: false
Result ?: <h1><span property="swwiki:wikiLabel">Causa de indisponibilidade de TC?</span></h1> 
      URI: (<a href="http://www.tecweb.inf.puc-rio.br/ontologies/dr#Causa_de_indisponibilidade_de_TC" title="Open dbpedia ref in a new tab" target="_blank">http://www.tecweb.inf.puc-rio.br/ontologies/dr#Causa_de_indisponibilidade_de_TC</a>)
    
GENERATING RDFA H1 FOR: http://www.tecweb.inf.puc-rio.br/ontologies/dr#Danos_no_selo_de_gas_primario_do_compr_e_baixa
LABEL: Danos no selo de gás primário do compr. de baixa
PROPERTY GENERATED: <span property="swwiki:wikiLabel">Danos no selo de gás primário do compr. de baixa</span>
SAME AS: []
EMPTY ?: true
NIl ?: false
Result ?: <h1><span property="swwiki:wikiLabel">Danos no selo de gás primário do compr. de baixa</span></h1> 
      URI: (<a href="http://www.tecweb.inf.puc-rio.br/ontologies/dr#Danos_no_selo_de_gas_primario_do_compr_e_baixa" title="Open dbpedia ref in a new tab" target="_blank">http://www.tecweb.inf.puc-rio.br/ontologies/dr#Danos_no_selo_de_gas_primario_do_compr_e_baixa</a>)
    
GENERATING RDFA H1 FOR: http://www.tecweb.inf.puc-rio.br/ontologies/dr#Presenca_de_produtos_de_corrosao_e_incrustacao_nos_impelidores
LABEL: Presença de produtos de corrosão e incrustação nos impelidores
PROPERTY GENERATED: <span property="swwiki:wikiLabel">Presença de produtos de corrosão e incrustação nos impelidores</span>
SAME AS: []
EMPTY ?: true
NIl ?: false
Result ?: <h1><span property="swwiki:wikiLabel">Presença de produtos de corrosão e incrustação nos impelidores</span></h1> 
      URI: (<a href="http://www.tecweb.inf.puc-rio.br/ontologies/dr#Presenca_de_produtos_de_corrosao_e_incrustacao_nos_impelidores" title="Open dbpedia ref in a new tab" target="_blank">http://www.tecweb.inf.puc-rio.br/ontologies/dr#Presenca_de_produtos_de_corrosao_e_incrustacao_nos_impelidores</a>)
    
GENERATING RDFA H1 FOR: http://www.tecweb.inf.puc-rio.br/ontologies/dr#Presenca_de_produtos_de_corrosao_e_incrustacao_nos_impelidores
LABEL: Presença de produtos de corrosão e incrustação nos impelidores
PROPERTY GENERATED: <span property="swwiki:wikiLabel">Presença de produtos de corrosão e incrustação nos impelidores</span>
SAME AS: []
EMPTY ?: true
NIl ?: false
Result ?: <h1><span property="swwiki:wikiLabel">Presença de produtos de corrosão e incrustação nos impelidores</span></h1> 
      URI: (<a href="http://www.tecweb.inf.puc-rio.br/ontologies/dr#Presenca_de_produtos_de_corrosao_e_incrustacao_nos_impelidores" title="Open dbpedia ref in a new tab" target="_blank">http://www.tecweb.inf.puc-rio.br/ontologies/dr#Presenca_de_produtos_de_corrosao_e_incrustacao_nos_impelidores</a>)
    
GENERATING RDFA H1 FOR: http://www.tecweb.inf.puc-rio.br/ontologies/dr#Causas_de_Vibracao
LABEL: Causas de Vibração?
PROPERTY GENERATED: <span property="swwiki:wikiLabel">Causas de Vibração?</span>
SAME AS: []
EMPTY ?: true
NIl ?: false
Result ?: <h1><span property="swwiki:wikiLabel">Causas de Vibração?</span></h1> 
      URI: (<a href="http://www.tecweb.inf.puc-rio.br/ontologies/dr#Causas_de_Vibracao" title="Open dbpedia ref in a new tab" target="_blank">http://www.tecweb.inf.puc-rio.br/ontologies/dr#Causas_de_Vibracao</a>)
    
GENERATING RDFA H1 FOR: http://www.tecweb.inf.puc-rio.br/ontologies/dr#Causas_de_Vibracao
LABEL: Causas de Vibração?
PROPERTY GENERATED: <span property="swwiki:wikiLabel">Causas de Vibração?</span>
SAME AS: []
EMPTY ?: true
NIl ?: false
Result ?: <h1><span property="swwiki:wikiLabel">Causas de Vibração?</span></h1> 
      URI: (<a href="http://www.tecweb.inf.puc-rio.br/ontologies/dr#Causas_de_Vibracao" title="Open dbpedia ref in a new tab" target="_blank">http://www.tecweb.inf.puc-rio.br/ontologies/dr#Causas_de_Vibracao</a>)
    
GENERATING RDFA H1 FOR: http://www.tecweb.inf.puc-rio.br/ontologies/dr#Causas_de_trincas
LABEL: Causas de trincas?
PROPERTY GENERATED: <span property="swwiki:wikiLabel">Causas de trincas?</span>
SAME AS: []
EMPTY ?: true
NIl ?: false
Result ?: <h1><span property="swwiki:wikiLabel">Causas de trincas?</span></h1> 
      URI: (<a href="http://www.tecweb.inf.puc-rio.br/ontologies/dr#Causas_de_trincas" title="Open dbpedia ref in a new tab" target="_blank">http://www.tecweb.inf.puc-rio.br/ontologies/dr#Causas_de_trincas</a>)
    
GENERATING RDFA H1 FOR: http://www.tecweb.inf.puc-rio.br/ontologies/dr#Fadiga_termica
LABEL: Fadiga térmica
PROPERTY GENERATED: <span property="swwiki:wikiLabel">Fadiga térmica</span>
SAME AS: []
EMPTY ?: true
NIl ?: false
Result ?: <h1><span property="swwiki:wikiLabel">Fadiga térmica</span></h1> 
      URI: (<a href="http://www.tecweb.inf.puc-rio.br/ontologies/dr#Fadiga_termica" title="Open dbpedia ref in a new tab" target="_blank">http://www.tecweb.inf.puc-rio.br/ontologies/dr#Fadiga_termica</a>)
    
GENERATING RDFA H1 FOR: http://www.tecweb.inf.puc-rio.br/ontologies/dr#Causas_de_trincas
LABEL: Causas de trincas?
PROPERTY GENERATED: <span property="swwiki:wikiLabel">Causas de trincas?</span>
SAME AS: []
EMPTY ?: true
NIl ?: false
Result ?: <h1><span property="swwiki:wikiLabel">Causas de trincas?</span></h1> 
      URI: (<a href="http://www.tecweb.inf.puc-rio.br/ontologies/dr#Causas_de_trincas" title="Open dbpedia ref in a new tab" target="_blank">http://www.tecweb.inf.puc-rio.br/ontologies/dr#Causas_de_trincas</a>)
    
GENERATING RDFA H1 FOR: http://www.tecweb.inf.puc-rio.br/ontologies/dr#Causa_de_indisponibilidade_de_TC
LABEL: Causa de indisponibilidade de TC?
PROPERTY GENERATED: <span property="swwiki:wikiLabel">Causa de indisponibilidade de TC?</span>
SAME AS: []
EMPTY ?: true
NIl ?: false
Result ?: <h1><span property="swwiki:wikiLabel">Causa de indisponibilidade de TC?</span></h1> 
      URI: (<a href="http://www.tecweb.inf.puc-rio.br/ontologies/dr#Causa_de_indisponibilidade_de_TC" title="Open dbpedia ref in a new tab" target="_blank">http://www.tecweb.inf.puc-rio.br/ontologies/dr#Causa_de_indisponibilidade_de_TC</a>)
    
GENERATING RDFA H1 FOR: http://www.tecweb.inf.puc-rio.br/ontologies/dr#Causa_de_indisponibilidade_de_TC
LABEL: Causa de indisponibilidade de TC?
PROPERTY GENERATED: <span property="swwiki:wikiLabel">Causa de indisponibilidade de TC?</span>
SAME AS: []
EMPTY ?: true
NIl ?: false
Result ?: <h1><span property="swwiki:wikiLabel">Causa de indisponibilidade de TC?</span></h1> 
      URI: (<a href="http://www.tecweb.inf.puc-rio.br/ontologies/dr#Causa_de_indisponibilidade_de_TC" title="Open dbpedia ref in a new tab" target="_blank">http://www.tecweb.inf.puc-rio.br/ontologies/dr#Causa_de_indisponibilidade_de_TC</a>)
    
GENERATING RDFA H1 FOR: http://www.tecweb.inf.puc-rio.br/ontologies/dr#Causas_de_vazamento
LABEL: Causas de vazamento?
PROPERTY GENERATED: <span property="swwiki:wikiLabel">Causas de vazamento?</span>
SAME AS: []
EMPTY ?: true
NIl ?: false
Result ?: <h1><span property="swwiki:wikiLabel">Causas de vazamento?</span></h1> 
      URI: (<a href="http://www.tecweb.inf.puc-rio.br/ontologies/dr#Causas_de_vazamento" title="Open dbpedia ref in a new tab" target="_blank">http://www.tecweb.inf.puc-rio.br/ontologies/dr#Causas_de_vazamento</a>)
    
GENERATING RDFA H1 FOR: http://www.tecweb.inf.puc-rio.br/ontologies/dr#Como_avaliar_a_variacao_de_injetividade
LABEL: Como avaliar a variação de injetividade?
PROPERTY GENERATED: <span property="swwiki:wikiLabel">Como avaliar a variação de injetividade?</span>
SAME AS: []
EMPTY ?: true
NIl ?: false
Result ?: <h1><span property="swwiki:wikiLabel">Como avaliar a variação de injetividade?</span></h1> 
      URI: (<a href="http://www.tecweb.inf.puc-rio.br/ontologies/dr#Como_avaliar_a_variacao_de_injetividade" title="Open dbpedia ref in a new tab" target="_blank">http://www.tecweb.inf.puc-rio.br/ontologies/dr#Como_avaliar_a_variacao_de_injetividade</a>)
    
GENERATING RDFA H1 FOR: http://www.tecweb.inf.puc-rio.br/ontologies/dr#Como_injetar_agua_para_recuperacao_secundariade_petroleo_em_Albacora
LABEL: Como injetar água para recuperação secundária de petróleo em Albacora?
PROPERTY GENERATED: <span property="swwiki:wikiLabel">Como injetar água para recuperação secundária de petróleo em Albacora?</span>
SAME AS: []
EMPTY ?: true
NIl ?: false
Result ?: <h1><span property="swwiki:wikiLabel">Como injetar água para recuperação secundária de petróleo em Albacora?</span></h1> 
      URI: (<a href="http://www.tecweb.inf.puc-rio.br/ontologies/dr#Como_injetar_agua_para_recuperacao_secundariade_petroleo_em_Albacora" title="Open dbpedia ref in a new tab" target="_blank">http://www.tecweb.inf.puc-rio.br/ontologies/dr#Como_injetar_agua_para_recuperacao_secundariade_petroleo_em_Albacora</a>)
    
GENERATING RDFA H1 FOR: http://www.tecweb.inf.puc-rio.br/ontologies/dr#Como_medir_a_pressao_no_fundo_do_poco
LABEL: Como medir a pressão no fundo do poço?
PROPERTY GENERATED: <span property="swwiki:wikiLabel">Como medir a pressão no fundo do poço?</span>
SAME AS: []
EMPTY ?: true
NIl ?: false
Result ?: <h1><span property="swwiki:wikiLabel">Como medir a pressão no fundo do poço?</span></h1> 
      URI: (<a href="http://www.tecweb.inf.puc-rio.br/ontologies/dr#Como_medir_a_pressao_no_fundo_do_poco" title="Open dbpedia ref in a new tab" target="_blank">http://www.tecweb.inf.puc-rio.br/ontologies/dr#Como_medir_a_pressao_no_fundo_do_poco</a>)
    
GENERATING RDFA H1 FOR: http://www.tecweb.inf.puc-rio.br/ontologies/dr#Quebra_de_Compressor
LABEL: Quebra de Compressor?
PROPERTY GENERATED: <span property="swwiki:wikiLabel">Quebra de Compressor?</span>
SAME AS: []
EMPTY ?: true
NIl ?: false
Result ?: <h1><span property="swwiki:wikiLabel">Quebra de Compressor?</span></h1> 
      URI: (<a href="http://www.tecweb.inf.puc-rio.br/ontologies/dr#Quebra_de_Compressor" title="Open dbpedia ref in a new tab" target="_blank">http://www.tecweb.inf.puc-rio.br/ontologies/dr#Quebra_de_Compressor</a>)
    
GENERATING RDFA H1 FOR: http://www.tecweb.inf.puc-rio.br/ontologies/dr#Desprendimento_do_fundo_da_tela_do_filtro_cesto
LABEL: Desprendimento do fundo da tela do filtro cesto
PROPERTY GENERATED: <span property="swwiki:wikiLabel">Desprendimento do fundo da tela do filtro cesto</span>
SAME AS: []
EMPTY ?: true
NIl ?: false
Result ?: <h1><span property="swwiki:wikiLabel">Desprendimento do fundo da tela do filtro cesto</span></h1> 
      URI: (<a href="http://www.tecweb.inf.puc-rio.br/ontologies/dr#Desprendimento_do_fundo_da_tela_do_filtro_cesto" title="Open dbpedia ref in a new tab" target="_blank">http://www.tecweb.inf.puc-rio.br/ontologies/dr#Desprendimento_do_fundo_da_tela_do_filtro_cesto</a>)
    
GENERATING RDFA H1 FOR: http://www.tecweb.inf.puc-rio.br/ontologies/dr#Desprendimento_do_fundo_da_tela_do_filtro_cesto
LABEL: Desprendimento do fundo da tela do filtro cesto
PROPERTY GENERATED: <span property="swwiki:wikiLabel">Desprendimento do fundo da tela do filtro cesto</span>
SAME AS: []
EMPTY ?: true
NIl ?: false
Result ?: <h1><span property="swwiki:wikiLabel">Desprendimento do fundo da tela do filtro cesto</span></h1> 
      URI: (<a href="http://www.tecweb.inf.puc-rio.br/ontologies/dr#Desprendimento_do_fundo_da_tela_do_filtro_cesto" title="Open dbpedia ref in a new tab" target="_blank">http://www.tecweb.inf.puc-rio.br/ontologies/dr#Desprendimento_do_fundo_da_tela_do_filtro_cesto</a>)
    
GENERATING RDFA H1 FOR: http://www.tecweb.inf.puc-rio.br/ontologies/dr#Quebra_de_Compressor
LABEL: Quebra de Compressor?
PROPERTY GENERATED: <span property="swwiki:wikiLabel">Quebra de Compressor?</span>
SAME AS: []
EMPTY ?: true
NIl ?: false
Result ?: <h1><span property="swwiki:wikiLabel">Quebra de Compressor?</span></h1> 
      URI: (<a href="http://www.tecweb.inf.puc-rio.br/ontologies/dr#Quebra_de_Compressor" title="Open dbpedia ref in a new tab" target="_blank">http://www.tecweb.inf.puc-rio.br/ontologies/dr#Quebra_de_Compressor</a>)
    
GENERATING RDFA H1 FOR: http://www.tecweb.inf.puc-rio.br/ontologies/dr#Quebra_de_Compressor
LABEL: Quebra de Compressor?
PROPERTY GENERATED: <span property="swwiki:wikiLabel">Quebra de Compressor?</span>
SAME AS: []
EMPTY ?: true
NIl ?: false
Result ?: <h1><span property="swwiki:wikiLabel">Quebra de Compressor?</span></h1> 
      URI: (<a href="http://www.tecweb.inf.puc-rio.br/ontologies/dr#Quebra_de_Compressor" title="Open dbpedia ref in a new tab" target="_blank">http://www.tecweb.inf.puc-rio.br/ontologies/dr#Quebra_de_Compressor</a>)
    
GENERATING RDFA H1 FOR: http://www.tecweb.inf.puc-rio.br/ontologies/dr#Causa_de_indisponibilidade_de_TC
LABEL: Causa de indisponibilidade de TC?
PROPERTY GENERATED: <span property="swwiki:wikiLabel">Causa de indisponibilidade de TC?</span>
SAME AS: []
EMPTY ?: true
NIl ?: false
Result ?: <h1><span property="swwiki:wikiLabel">Causa de indisponibilidade de TC?</span></h1> 
      URI: (<a href="http://www.tecweb.inf.puc-rio.br/ontologies/dr#Causa_de_indisponibilidade_de_TC" title="Open dbpedia ref in a new tab" target="_blank">http://www.tecweb.inf.puc-rio.br/ontologies/dr#Causa_de_indisponibilidade_de_TC</a>)
    
